{"/Users/Mac/Downloads/TesteurLogiciel_appli_location_immobiliere_React-main/my-react-app/src/App.jsx": {"path":"/Users/Mac/Downloads/TesteurLogiciel_appli_location_immobiliere_React-main/my-react-app/src/App.jsx","all":true,"statementMap":{"0":{"start":{"line":1,"column":0},"end":{"line":1,"column":32}},"1":{"start":{"line":2,"column":0},"end":{"line":2,"column":40}},"2":{"start":{"line":3,"column":0},"end":{"line":3,"column":34}},"3":{"start":{"line":4,"column":0},"end":{"line":4,"column":32}},"4":{"start":{"line":5,"column":0},"end":{"line":5,"column":37}},"5":{"start":{"line":6,"column":0},"end":{"line":6,"column":40}},"6":{"start":{"line":7,"column":0},"end":{"line":7,"column":46}},"7":{"start":{"line":8,"column":0},"end":{"line":8,"column":8}},"11":{"start":{"line":12,"column":0},"end":{"line":12,"column":16}},"12":{"start":{"line":13,"column":0},"end":{"line":13,"column":13}},"13":{"start":{"line":14,"column":0},"end":{"line":14,"column":35}},"14":{"start":{"line":15,"column":0},"end":{"line":15,"column":33}},"15":{"start":{"line":16,"column":0},"end":{"line":16,"column":20}},"16":{"start":{"line":17,"column":0},"end":{"line":17,"column":15}},"17":{"start":{"line":18,"column":0},"end":{"line":18,"column":14}},"18":{"start":{"line":19,"column":0},"end":{"line":19,"column":43}},"19":{"start":{"line":20,"column":0},"end":{"line":20,"column":48}},"20":{"start":{"line":21,"column":0},"end":{"line":21,"column":43}},"21":{"start":{"line":22,"column":0},"end":{"line":22,"column":67}},"22":{"start":{"line":23,"column":0},"end":{"line":23,"column":15}},"24":{"start":{"line":25,"column":0},"end":{"line":25,"column":22}},"25":{"start":{"line":26,"column":0},"end":{"line":26,"column":12}},"26":{"start":{"line":27,"column":0},"end":{"line":27,"column":34}},"27":{"start":{"line":28,"column":0},"end":{"line":28,"column":16}},"28":{"start":{"line":29,"column":0},"end":{"line":29,"column":12}},"33":{"start":{"line":34,"column":0},"end":{"line":34,"column":10}},"35":{"start":{"line":36,"column":0},"end":{"line":36,"column":1}},"37":{"start":{"line":38,"column":0},"end":{"line":38,"column":18}}},"s":{"0":0,"1":0,"2":0,"3":0,"4":0,"5":0,"6":0,"7":0,"11":0,"12":0,"13":0,"14":0,"15":0,"16":0,"17":0,"18":0,"19":0,"20":0,"21":0,"22":0,"24":0,"25":0,"26":0,"27":0,"28":0,"33":0,"35":0,"37":0},"branchMap":{"0":{"type":"branch","line":1,"loc":{"start":{"line":1,"column":876},"end":{"line":38,"column":18}},"locations":[{"start":{"line":1,"column":876},"end":{"line":38,"column":18}}]}},"b":{"0":[0]},"fnMap":{"0":{"name":"(empty-report)","decl":{"start":{"line":1,"column":876},"end":{"line":38,"column":18}},"loc":{"start":{"line":1,"column":876},"end":{"line":38,"column":18}},"line":1}},"f":{"0":0}}
,"/Users/Mac/Downloads/TesteurLogiciel_appli_location_immobiliere_React-main/my-react-app/src/main.jsx": {"path":"/Users/Mac/Downloads/TesteurLogiciel_appli_location_immobiliere_React-main/my-react-app/src/main.jsx","all":true,"statementMap":{"1":{"start":{"line":2,"column":0},"end":{"line":2,"column":39}},"2":{"start":{"line":3,"column":0},"end":{"line":3,"column":27}},"4":{"start":{"line":5,"column":0},"end":{"line":5,"column":20}},"7":{"start":{"line":8,"column":0},"end":{"line":8,"column":60}},"9":{"start":{"line":10,"column":0},"end":{"line":10,"column":11}},"12":{"start":{"line":13,"column":0},"end":{"line":13,"column":1}}},"s":{"1":0,"2":0,"4":0,"7":0,"9":0,"12":0},"branchMap":{"0":{"type":"branch","line":1,"loc":{"start":{"line":1,"column":190},"end":{"line":13,"column":-139}},"locations":[{"start":{"line":1,"column":190},"end":{"line":13,"column":-139}}]}},"b":{"0":[1]},"fnMap":{"0":{"name":"(empty-report)","decl":{"start":{"line":1,"column":190},"end":{"line":13,"column":-139}},"loc":{"start":{"line":1,"column":190},"end":{"line":13,"column":-139}},"line":1}},"f":{"0":1}}
,"/Users/Mac/Downloads/TesteurLogiciel_appli_location_immobiliere_React-main/my-react-app/src/component/banner.jsx": {"path":"/Users/Mac/Downloads/TesteurLogiciel_appli_location_immobiliere_React-main/my-react-app/src/component/banner.jsx","all":false,"statementMap":{"0":{"start":{"line":1,"column":0},"end":{"line":1,"column":26}},"1":{"start":{"line":2,"column":0},"end":{"line":2,"column":36}},"3":{"start":{"line":4,"column":0},"end":{"line":4,"column":45}},"5":{"start":{"line":6,"column":0},"end":{"line":6,"column":12}},"6":{"start":{"line":7,"column":0},"end":{"line":7,"column":46}},"7":{"start":{"line":8,"column":0},"end":{"line":8,"column":36}},"8":{"start":{"line":9,"column":0},"end":{"line":9,"column":80}},"10":{"start":{"line":11,"column":0},"end":{"line":11,"column":59}},"11":{"start":{"line":12,"column":0},"end":{"line":12,"column":17}},"12":{"start":{"line":13,"column":0},"end":{"line":13,"column":18}},"17":{"start":{"line":18,"column":0},"end":{"line":18,"column":3}},"18":{"start":{"line":19,"column":0},"end":{"line":19,"column":23}}},"s":{"0":1,"1":1,"3":2,"5":2,"6":2,"7":2,"8":2,"10":2,"11":2,"12":2,"17":2,"18":1},"branchMap":{"0":{"type":"branch","line":4,"loc":{"start":{"line":4,"column":0},"end":{"line":18,"column":3}},"locations":[{"start":{"line":4,"column":0},"end":{"line":18,"column":3}}]}},"b":{"0":[2]},"fnMap":{"0":{"name":"Banner","decl":{"start":{"line":4,"column":0},"end":{"line":18,"column":3}},"loc":{"start":{"line":4,"column":0},"end":{"line":18,"column":3}},"line":4}},"f":{"0":2}}
,"/Users/Mac/Downloads/TesteurLogiciel_appli_location_immobiliere_React-main/my-react-app/src/component/card.jsx": {"path":"/Users/Mac/Downloads/TesteurLogiciel_appli_location_immobiliere_React-main/my-react-app/src/component/card.jsx","all":false,"statementMap":{"0":{"start":{"line":1,"column":0},"end":{"line":1,"column":24}},"1":{"start":{"line":2,"column":0},"end":{"line":2,"column":40}},"2":{"start":{"line":3,"column":0},"end":{"line":3,"column":44}},"4":{"start":{"line":5,"column":0},"end":{"line":5,"column":17}},"8":{"start":{"line":9,"column":0},"end":{"line":9,"column":39}},"12":{"start":{"line":13,"column":0},"end":{"line":13,"column":19}},"13":{"start":{"line":14,"column":0},"end":{"line":14,"column":16}},"14":{"start":{"line":15,"column":0},"end":{"line":15,"column":9}},"17":{"start":{"line":18,"column":0},"end":{"line":18,"column":27}},"18":{"start":{"line":19,"column":0},"end":{"line":19,"column":77}},"19":{"start":{"line":20,"column":0},"end":{"line":20,"column":84}},"20":{"start":{"line":21,"column":0},"end":{"line":21,"column":23}},"21":{"start":{"line":22,"column":0},"end":{"line":22,"column":108}},"22":{"start":{"line":23,"column":0},"end":{"line":23,"column":9}},"23":{"start":{"line":24,"column":0},"end":{"line":24,"column":4}},"26":{"start":{"line":27,"column":0},"end":{"line":27,"column":10}},"27":{"start":{"line":28,"column":0},"end":{"line":28,"column":83}},"28":{"start":{"line":29,"column":0},"end":{"line":29,"column":100}},"29":{"start":{"line":30,"column":0},"end":{"line":30,"column":104}},"33":{"start":{"line":34,"column":0},"end":{"line":34,"column":80}},"35":{"start":{"line":36,"column":0},"end":{"line":36,"column":53}},"39":{"start":{"line":40,"column":0},"end":{"line":40,"column":38}},"40":{"start":{"line":41,"column":0},"end":{"line":41,"column":14}},"41":{"start":{"line":42,"column":0},"end":{"line":42,"column":9}},"42":{"start":{"line":43,"column":0},"end":{"line":43,"column":10}},"44":{"start":{"line":45,"column":0},"end":{"line":45,"column":1}},"47":{"start":{"line":48,"column":0},"end":{"line":48,"column":20}}},"s":{"0":1,"1":1,"2":1,"4":4,"8":4,"12":4,"13":2,"14":4,"17":4,"18":2,"19":2,"20":2,"21":2,"22":2,"23":2,"26":4,"27":4,"28":4,"29":4,"33":4,"35":4,"39":4,"40":4,"41":4,"42":4,"44":4,"47":1},"branchMap":{"0":{"type":"branch","line":5,"loc":{"start":{"line":5,"column":0},"end":{"line":45,"column":1}},"locations":[{"start":{"line":5,"column":0},"end":{"line":45,"column":1}}]},"1":{"type":"branch","line":13,"loc":{"start":{"line":13,"column":12},"end":{"line":15,"column":5}},"locations":[{"start":{"line":13,"column":12},"end":{"line":15,"column":5}}]},"2":{"type":"branch","line":18,"loc":{"start":{"line":18,"column":20},"end":{"line":24,"column":4}},"locations":[{"start":{"line":18,"column":20},"end":{"line":24,"column":4}}]},"3":{"type":"branch","line":20,"loc":{"start":{"line":20,"column":12},"end":{"line":20,"column":41}},"locations":[{"start":{"line":20,"column":12},"end":{"line":20,"column":41}}]},"4":{"type":"branch","line":21,"loc":{"start":{"line":21,"column":12},"end":{"line":23,"column":7}},"locations":[{"start":{"line":21,"column":12},"end":{"line":23,"column":7}}]},"5":{"type":"branch","line":29,"loc":{"start":{"line":29,"column":16},"end":{"line":41,"column":14}},"locations":[{"start":{"line":29,"column":16},"end":{"line":41,"column":14}}]}},"b":{"0":[4],"1":[2],"2":[2],"3":[2],"4":[2],"5":[4]},"fnMap":{"0":{"name":"Card","decl":{"start":{"line":5,"column":0},"end":{"line":45,"column":1}},"loc":{"start":{"line":5,"column":0},"end":{"line":45,"column":1}},"line":5},"1":{"name":"fetchData","decl":{"start":{"line":18,"column":20},"end":{"line":24,"column":4}},"loc":{"start":{"line":18,"column":20},"end":{"line":24,"column":4}},"line":18}},"f":{"0":4,"1":2}}
,"/Users/Mac/Downloads/TesteurLogiciel_appli_location_immobiliere_React-main/my-react-app/src/component/carrousel.jsx": {"path":"/Users/Mac/Downloads/TesteurLogiciel_appli_location_immobiliere_React-main/my-react-app/src/component/carrousel.jsx","all":false,"statementMap":{"1":{"start":{"line":2,"column":0},"end":{"line":2,"column":33}},"2":{"start":{"line":3,"column":0},"end":{"line":3,"column":50}},"3":{"start":{"line":4,"column":0},"end":{"line":4,"column":52}},"5":{"start":{"line":6,"column":0},"end":{"line":6,"column":28}},"9":{"start":{"line":10,"column":0},"end":{"line":10,"column":28}},"10":{"start":{"line":11,"column":0},"end":{"line":11,"column":30}},"12":{"start":{"line":13,"column":0},"end":{"line":13,"column":56}},"15":{"start":{"line":16,"column":0},"end":{"line":16,"column":29}},"16":{"start":{"line":17,"column":0},"end":{"line":17,"column":39}},"17":{"start":{"line":18,"column":0},"end":{"line":18,"column":58}},"18":{"start":{"line":19,"column":0},"end":{"line":19,"column":10}},"19":{"start":{"line":20,"column":0},"end":{"line":20,"column":6}},"22":{"start":{"line":23,"column":0},"end":{"line":23,"column":29}},"23":{"start":{"line":24,"column":0},"end":{"line":24,"column":39}},"24":{"start":{"line":25,"column":0},"end":{"line":25,"column":89}},"25":{"start":{"line":26,"column":0},"end":{"line":26,"column":10}},"26":{"start":{"line":27,"column":0},"end":{"line":27,"column":6}},"28":{"start":{"line":29,"column":0},"end":{"line":29,"column":62}},"29":{"start":{"line":30,"column":0},"end":{"line":30,"column":48}},"30":{"start":{"line":31,"column":0},"end":{"line":31,"column":5}},"32":{"start":{"line":33,"column":0},"end":{"line":33,"column":12}},"33":{"start":{"line":34,"column":0},"end":{"line":34,"column":35}},"34":{"start":{"line":35,"column":0},"end":{"line":35,"column":49}},"35":{"start":{"line":36,"column":0},"end":{"line":36,"column":21}},"36":{"start":{"line":37,"column":0},"end":{"line":37,"column":25}},"37":{"start":{"line":38,"column":0},"end":{"line":38,"column":47}},"38":{"start":{"line":39,"column":0},"end":{"line":39,"column":66}},"39":{"start":{"line":40,"column":0},"end":{"line":40,"column":49}},"40":{"start":{"line":41,"column":0},"end":{"line":41,"column":22}},"41":{"start":{"line":42,"column":0},"end":{"line":42,"column":105}},"42":{"start":{"line":43,"column":0},"end":{"line":43,"column":22}},"43":{"start":{"line":44,"column":0},"end":{"line":44,"column":18}},"44":{"start":{"line":45,"column":0},"end":{"line":45,"column":50}},"45":{"start":{"line":46,"column":0},"end":{"line":46,"column":18}},"46":{"start":{"line":47,"column":0},"end":{"line":47,"column":25}},"47":{"start":{"line":48,"column":0},"end":{"line":48,"column":45}},"48":{"start":{"line":49,"column":0},"end":{"line":49,"column":40}},"49":{"start":{"line":50,"column":0},"end":{"line":50,"column":39}},"50":{"start":{"line":51,"column":0},"end":{"line":51,"column":23}},"51":{"start":{"line":52,"column":0},"end":{"line":52,"column":25}},"52":{"start":{"line":53,"column":0},"end":{"line":53,"column":45}},"53":{"start":{"line":54,"column":0},"end":{"line":54,"column":59}},"54":{"start":{"line":55,"column":0},"end":{"line":55,"column":22}},"55":{"start":{"line":56,"column":0},"end":{"line":56,"column":19}},"58":{"start":{"line":59,"column":0},"end":{"line":59,"column":14}},"60":{"start":{"line":61,"column":0},"end":{"line":61,"column":1}},"66":{"start":{"line":67,"column":0},"end":{"line":67,"column":25}}},"s":{"1":1,"2":1,"3":1,"5":1,"9":2,"10":2,"12":2,"15":2,"16":0,"17":0,"18":0,"19":0,"22":2,"23":0,"24":0,"25":0,"26":0,"28":2,"29":1,"30":1,"32":1,"33":1,"34":1,"35":1,"36":1,"37":1,"38":1,"39":1,"40":1,"41":1,"42":1,"43":1,"44":1,"45":1,"46":1,"47":1,"48":1,"49":1,"50":1,"51":1,"52":1,"53":1,"54":1,"55":1,"58":2,"60":2,"66":1},"branchMap":{"0":{"type":"branch","line":10,"loc":{"start":{"line":10,"column":0},"end":{"line":61,"column":1}},"locations":[{"start":{"line":10,"column":0},"end":{"line":61,"column":1}}]},"1":{"type":"branch","line":29,"loc":{"start":{"line":29,"column":61},"end":{"line":56,"column":19}},"locations":[{"start":{"line":29,"column":61},"end":{"line":56,"column":19}}]}},"b":{"0":[2],"1":[1]},"fnMap":{"0":{"name":"Carrousel","decl":{"start":{"line":10,"column":0},"end":{"line":61,"column":1}},"loc":{"start":{"line":10,"column":0},"end":{"line":61,"column":1}},"line":10},"1":{"name":"nextImage","decl":{"start":{"line":16,"column":22},"end":{"line":20,"column":6}},"loc":{"start":{"line":16,"column":22},"end":{"line":20,"column":6}},"line":16},"2":{"name":"prevImage","decl":{"start":{"line":23,"column":22},"end":{"line":27,"column":6}},"loc":{"start":{"line":23,"column":22},"end":{"line":27,"column":6}},"line":23}},"f":{"0":2,"1":0,"2":0}}
,"/Users/Mac/Downloads/TesteurLogiciel_appli_location_immobiliere_React-main/my-react-app/src/component/collapse.jsx": {"path":"/Users/Mac/Downloads/TesteurLogiciel_appli_location_immobiliere_React-main/my-react-app/src/component/collapse.jsx","all":false,"statementMap":{"0":{"start":{"line":1,"column":0},"end":{"line":1,"column":28}},"1":{"start":{"line":2,"column":0},"end":{"line":2,"column":33}},"2":{"start":{"line":3,"column":0},"end":{"line":3,"column":46}},"4":{"start":{"line":5,"column":0},"end":{"line":5,"column":36}},"5":{"start":{"line":6,"column":0},"end":{"line":6,"column":56}},"7":{"start":{"line":8,"column":0},"end":{"line":8,"column":20}},"8":{"start":{"line":9,"column":0},"end":{"line":9,"column":37}},"9":{"start":{"line":10,"column":0},"end":{"line":10,"column":33}},"10":{"start":{"line":11,"column":0},"end":{"line":11,"column":25}},"11":{"start":{"line":12,"column":0},"end":{"line":12,"column":4}},"13":{"start":{"line":14,"column":0},"end":{"line":14,"column":10}},"14":{"start":{"line":15,"column":0},"end":{"line":15,"column":57}},"15":{"start":{"line":16,"column":0},"end":{"line":16,"column":29}},"16":{"start":{"line":17,"column":0},"end":{"line":17,"column":24}},"17":{"start":{"line":18,"column":0},"end":{"line":18,"column":12}},"18":{"start":{"line":19,"column":0},"end":{"line":19,"column":63}},"19":{"start":{"line":20,"column":0},"end":{"line":20,"column":22}},"20":{"start":{"line":21,"column":0},"end":{"line":21,"column":22}},"21":{"start":{"line":22,"column":0},"end":{"line":22,"column":10}},"22":{"start":{"line":23,"column":0},"end":{"line":23,"column":12}},"23":{"start":{"line":24,"column":0},"end":{"line":24,"column":69}},"24":{"start":{"line":25,"column":0},"end":{"line":25,"column":34}},"26":{"start":{"line":27,"column":0},"end":{"line":27,"column":68}},"28":{"start":{"line":29,"column":0},"end":{"line":29,"column":25}},"30":{"start":{"line":31,"column":0},"end":{"line":31,"column":12}},"31":{"start":{"line":32,"column":0},"end":{"line":32,"column":10}},"33":{"start":{"line":34,"column":0},"end":{"line":34,"column":1}},"35":{"start":{"line":36,"column":0},"end":{"line":36,"column":24}}},"s":{"0":1,"1":1,"2":1,"4":5,"5":5,"7":5,"8":5,"9":2,"10":2,"11":2,"13":5,"14":5,"15":5,"16":5,"17":5,"18":5,"19":5,"20":5,"21":5,"22":5,"23":5,"24":5,"26":1,"28":4,"30":5,"31":5,"33":5,"35":1},"branchMap":{"0":{"type":"branch","line":5,"loc":{"start":{"line":5,"column":0},"end":{"line":34,"column":1}},"locations":[{"start":{"line":5,"column":0},"end":{"line":34,"column":1}}]},"1":{"type":"branch","line":19,"loc":{"start":{"line":19,"column":21},"end":{"line":19,"column":46}},"locations":[{"start":{"line":19,"column":21},"end":{"line":19,"column":46}}]},"2":{"type":"branch","line":19,"loc":{"start":{"line":19,"column":35},"end":{"line":19,"column":63}},"locations":[{"start":{"line":19,"column":35},"end":{"line":19,"column":63}}]},"3":{"type":"branch","line":24,"loc":{"start":{"line":24,"column":37},"end":{"line":24,"column":63}},"locations":[{"start":{"line":24,"column":37},"end":{"line":24,"column":63}}]},"4":{"type":"branch","line":24,"loc":{"start":{"line":24,"column":51},"end":{"line":24,"column":65}},"locations":[{"start":{"line":24,"column":51},"end":{"line":24,"column":65}}]},"5":{"type":"branch","line":25,"loc":{"start":{"line":25,"column":29},"end":{"line":27,"column":68}},"locations":[{"start":{"line":25,"column":29},"end":{"line":27,"column":68}}]},"6":{"type":"branch","line":27,"loc":{"start":{"line":27,"column":67},"end":{"line":29,"column":25}},"locations":[{"start":{"line":27,"column":67},"end":{"line":29,"column":25}}]},"7":{"type":"branch","line":9,"loc":{"start":{"line":9,"column":30},"end":{"line":12,"column":4}},"locations":[{"start":{"line":9,"column":30},"end":{"line":12,"column":4}}]},"8":{"type":"branch","line":27,"loc":{"start":{"line":27,"column":21},"end":{"line":27,"column":67}},"locations":[{"start":{"line":27,"column":21},"end":{"line":27,"column":67}}]}},"b":{"0":[5],"1":[1],"2":[4],"3":[1],"4":[4],"5":[1],"6":[4],"7":[2],"8":[2]},"fnMap":{"0":{"name":"Collapse","decl":{"start":{"line":5,"column":0},"end":{"line":34,"column":1}},"loc":{"start":{"line":5,"column":0},"end":{"line":34,"column":1}},"line":5},"1":{"name":"handleCollapseClick","decl":{"start":{"line":9,"column":30},"end":{"line":12,"column":4}},"loc":{"start":{"line":9,"column":30},"end":{"line":12,"column":4}},"line":9}},"f":{"0":5,"1":2}}
,"/Users/Mac/Downloads/TesteurLogiciel_appli_location_immobiliere_React-main/my-react-app/src/component/footer.jsx": {"path":"/Users/Mac/Downloads/TesteurLogiciel_appli_location_immobiliere_React-main/my-react-app/src/component/footer.jsx","all":false,"statementMap":{"0":{"start":{"line":1,"column":0},"end":{"line":1,"column":51}},"2":{"start":{"line":3,"column":0},"end":{"line":3,"column":26}},"4":{"start":{"line":5,"column":0},"end":{"line":5,"column":19}},"5":{"start":{"line":6,"column":0},"end":{"line":6,"column":12}},"6":{"start":{"line":7,"column":0},"end":{"line":7,"column":33}},"7":{"start":{"line":8,"column":0},"end":{"line":8,"column":73}},"8":{"start":{"line":9,"column":0},"end":{"line":9,"column":70}},"9":{"start":{"line":10,"column":0},"end":{"line":10,"column":15}},"11":{"start":{"line":12,"column":0},"end":{"line":12,"column":3}},"13":{"start":{"line":14,"column":0},"end":{"line":14,"column":21}}},"s":{"0":1,"2":1,"4":3,"5":3,"6":3,"7":3,"8":3,"9":3,"11":3,"13":1},"branchMap":{"0":{"type":"branch","line":5,"loc":{"start":{"line":5,"column":0},"end":{"line":12,"column":3}},"locations":[{"start":{"line":5,"column":0},"end":{"line":12,"column":3}}]}},"b":{"0":[3]},"fnMap":{"0":{"name":"Footer","decl":{"start":{"line":5,"column":0},"end":{"line":12,"column":3}},"loc":{"start":{"line":5,"column":0},"end":{"line":12,"column":3}},"line":5}},"f":{"0":3}}
,"/Users/Mac/Downloads/TesteurLogiciel_appli_location_immobiliere_React-main/my-react-app/src/component/header.jsx": {"path":"/Users/Mac/Downloads/TesteurLogiciel_appli_location_immobiliere_React-main/my-react-app/src/component/header.jsx","all":false,"statementMap":{"0":{"start":{"line":1,"column":0},"end":{"line":1,"column":40}},"1":{"start":{"line":2,"column":0},"end":{"line":2,"column":39}},"2":{"start":{"line":3,"column":0},"end":{"line":3,"column":37}},"4":{"start":{"line":5,"column":0},"end":{"line":5,"column":19}},"5":{"start":{"line":6,"column":0},"end":{"line":6,"column":12}},"6":{"start":{"line":7,"column":0},"end":{"line":7,"column":33}},"8":{"start":{"line":9,"column":0},"end":{"line":9,"column":59}},"10":{"start":{"line":11,"column":0},"end":{"line":11,"column":13}},"11":{"start":{"line":12,"column":0},"end":{"line":12,"column":35}},"12":{"start":{"line":13,"column":0},"end":{"line":13,"column":41}},"14":{"start":{"line":15,"column":0},"end":{"line":15,"column":14}},"15":{"start":{"line":16,"column":0},"end":{"line":16,"column":15}},"17":{"start":{"line":18,"column":0},"end":{"line":18,"column":3}},"18":{"start":{"line":19,"column":0},"end":{"line":19,"column":24}}},"s":{"0":1,"1":1,"2":1,"4":3,"5":3,"6":3,"8":3,"10":3,"11":3,"12":3,"14":3,"15":3,"17":3,"18":1},"branchMap":{"0":{"type":"branch","line":5,"loc":{"start":{"line":5,"column":0},"end":{"line":18,"column":3}},"locations":[{"start":{"line":5,"column":0},"end":{"line":18,"column":3}}]}},"b":{"0":[3]},"fnMap":{"0":{"name":"Header","decl":{"start":{"line":5,"column":0},"end":{"line":18,"column":3}},"loc":{"start":{"line":5,"column":0},"end":{"line":18,"column":3}},"line":5}},"f":{"0":3}}
,"/Users/Mac/Downloads/TesteurLogiciel_appli_location_immobiliere_React-main/my-react-app/src/component/host.jsx": {"path":"/Users/Mac/Downloads/TesteurLogiciel_appli_location_immobiliere_React-main/my-react-app/src/component/host.jsx","all":false,"statementMap":{"0":{"start":{"line":1,"column":0},"end":{"line":1,"column":23}},"2":{"start":{"line":3,"column":0},"end":{"line":3,"column":25}},"3":{"start":{"line":4,"column":0},"end":{"line":4,"column":28}},"4":{"start":{"line":5,"column":0},"end":{"line":5,"column":27}},"5":{"start":{"line":6,"column":0},"end":{"line":6,"column":10}},"7":{"start":{"line":8,"column":0},"end":{"line":8,"column":86}},"8":{"start":{"line":9,"column":0},"end":{"line":9,"column":62}},"9":{"start":{"line":10,"column":0},"end":{"line":10,"column":14}},"10":{"start":{"line":11,"column":0},"end":{"line":11,"column":36}},"11":{"start":{"line":12,"column":0},"end":{"line":12,"column":42}},"12":{"start":{"line":13,"column":0},"end":{"line":13,"column":39}},"13":{"start":{"line":14,"column":0},"end":{"line":14,"column":12}},"14":{"start":{"line":15,"column":0},"end":{"line":15,"column":14}},"17":{"start":{"line":18,"column":0},"end":{"line":18,"column":1}},"19":{"start":{"line":20,"column":0},"end":{"line":20,"column":20}}},"s":{"0":1,"2":4,"3":4,"4":4,"5":4,"7":4,"8":4,"9":4,"10":4,"11":4,"12":4,"13":4,"14":4,"17":4,"19":1},"branchMap":{"0":{"type":"branch","line":3,"loc":{"start":{"line":3,"column":0},"end":{"line":18,"column":1}},"locations":[{"start":{"line":3,"column":0},"end":{"line":18,"column":1}}]},"1":{"type":"branch","line":8,"loc":{"start":{"line":8,"column":51},"end":{"line":8,"column":66}},"locations":[{"start":{"line":8,"column":51},"end":{"line":8,"column":66}}]},"2":{"type":"branch","line":8,"loc":{"start":{"line":8,"column":57},"end":{"line":8,"column":86}},"locations":[{"start":{"line":8,"column":57},"end":{"line":8,"column":86}}]}},"b":{"0":[4],"1":[3],"2":[1]},"fnMap":{"0":{"name":"Host","decl":{"start":{"line":3,"column":0},"end":{"line":18,"column":1}},"loc":{"start":{"line":3,"column":0},"end":{"line":18,"column":1}},"line":3}},"f":{"0":4}}
,"/Users/Mac/Downloads/TesteurLogiciel_appli_location_immobiliere_React-main/my-react-app/src/component/rating.jsx": {"path":"/Users/Mac/Downloads/TesteurLogiciel_appli_location_immobiliere_React-main/my-react-app/src/component/rating.jsx","all":false,"statementMap":{"0":{"start":{"line":1,"column":0},"end":{"line":1,"column":47}},"1":{"start":{"line":2,"column":0},"end":{"line":2,"column":47}},"2":{"start":{"line":3,"column":0},"end":{"line":3,"column":36}},"4":{"start":{"line":5,"column":0},"end":{"line":5,"column":26}},"7":{"start":{"line":8,"column":0},"end":{"line":8,"column":21}},"8":{"start":{"line":9,"column":0},"end":{"line":9,"column":31}},"11":{"start":{"line":12,"column":0},"end":{"line":12,"column":39}},"12":{"start":{"line":13,"column":0},"end":{"line":13,"column":84}},"13":{"start":{"line":14,"column":0},"end":{"line":14,"column":5}},"16":{"start":{"line":17,"column":0},"end":{"line":17,"column":38}},"17":{"start":{"line":18,"column":0},"end":{"line":18,"column":85}},"18":{"start":{"line":19,"column":0},"end":{"line":19,"column":5}},"20":{"start":{"line":21,"column":0},"end":{"line":21,"column":12}},"21":{"start":{"line":22,"column":0},"end":{"line":22,"column":83}},"22":{"start":{"line":23,"column":0},"end":{"line":23,"column":19}},"23":{"start":{"line":24,"column":0},"end":{"line":24,"column":14}},"25":{"start":{"line":26,"column":0},"end":{"line":26,"column":3}},"27":{"start":{"line":28,"column":0},"end":{"line":28,"column":23}}},"s":{"0":1,"1":1,"2":1,"4":4,"7":4,"8":4,"11":4,"12":16,"13":16,"16":4,"17":4,"18":4,"20":4,"21":4,"22":4,"23":4,"25":4,"27":1},"branchMap":{"0":{"type":"branch","line":5,"loc":{"start":{"line":5,"column":0},"end":{"line":26,"column":3}},"locations":[{"start":{"line":5,"column":0},"end":{"line":26,"column":3}}]},"1":{"type":"branch","line":12,"loc":{"start":{"line":12,"column":38},"end":{"line":14,"column":5}},"locations":[{"start":{"line":12,"column":38},"end":{"line":14,"column":5}}]},"2":{"type":"branch","line":22,"loc":{"start":{"line":22,"column":45},"end":{"line":22,"column":61}},"locations":[{"start":{"line":22,"column":45},"end":{"line":22,"column":61}}]},"3":{"type":"branch","line":22,"loc":{"start":{"line":22,"column":50},"end":{"line":22,"column":83}},"locations":[{"start":{"line":22,"column":50},"end":{"line":22,"column":83}}]}},"b":{"0":[4],"1":[16],"2":[2],"3":[2]},"fnMap":{"0":{"name":"Rates","decl":{"start":{"line":5,"column":0},"end":{"line":26,"column":3}},"loc":{"start":{"line":5,"column":0},"end":{"line":26,"column":3}},"line":5}},"f":{"0":4}}
,"/Users/Mac/Downloads/TesteurLogiciel_appli_location_immobiliere_React-main/my-react-app/src/component/tags.jsx": {"path":"/Users/Mac/Downloads/TesteurLogiciel_appli_location_immobiliere_React-main/my-react-app/src/component/tags.jsx","all":false,"statementMap":{"0":{"start":{"line":1,"column":0},"end":{"line":1,"column":24}},"1":{"start":{"line":2,"column":0},"end":{"line":2,"column":25}},"2":{"start":{"line":3,"column":0},"end":{"line":3,"column":31}},"3":{"start":{"line":4,"column":0},"end":{"line":4,"column":24}},"4":{"start":{"line":5,"column":0},"end":{"line":5,"column":16}},"5":{"start":{"line":6,"column":0},"end":{"line":6,"column":75}},"6":{"start":{"line":7,"column":0},"end":{"line":7,"column":38}},"7":{"start":{"line":8,"column":0},"end":{"line":8,"column":40}},"8":{"start":{"line":9,"column":0},"end":{"line":9,"column":15}},"9":{"start":{"line":10,"column":0},"end":{"line":10,"column":13}},"10":{"start":{"line":11,"column":0},"end":{"line":11,"column":9}},"11":{"start":{"line":12,"column":0},"end":{"line":12,"column":9}},"14":{"start":{"line":15,"column":0},"end":{"line":15,"column":5}},"17":{"start":{"line":18,"column":0},"end":{"line":18,"column":22}}},"s":{"0":1,"1":3,"2":3,"3":3,"4":3,"5":3,"6":3,"7":6,"8":6,"9":6,"10":3,"11":3,"14":3,"17":1},"branchMap":{"0":{"type":"branch","line":2,"loc":{"start":{"line":2,"column":0},"end":{"line":15,"column":5}},"locations":[{"start":{"line":2,"column":0},"end":{"line":15,"column":5}}]},"1":{"type":"branch","line":6,"loc":{"start":{"line":6,"column":42},"end":{"line":6,"column":56}},"locations":[{"start":{"line":6,"column":42},"end":{"line":6,"column":56}}]},"2":{"type":"branch","line":6,"loc":{"start":{"line":6,"column":47},"end":{"line":6,"column":75}},"locations":[{"start":{"line":6,"column":47},"end":{"line":6,"column":75}}]},"3":{"type":"branch","line":7,"loc":{"start":{"line":7,"column":21},"end":{"line":10,"column":13}},"locations":[{"start":{"line":7,"column":21},"end":{"line":10,"column":13}}]}},"b":{"0":[3],"1":[2],"2":[1],"3":[6]},"fnMap":{"0":{"name":"Tags","decl":{"start":{"line":2,"column":0},"end":{"line":15,"column":5}},"loc":{"start":{"line":2,"column":0},"end":{"line":15,"column":5}},"line":2}},"f":{"0":3}}
,"/Users/Mac/Downloads/TesteurLogiciel_appli_location_immobiliere_React-main/my-react-app/src/component/title.jsx": {"path":"/Users/Mac/Downloads/TesteurLogiciel_appli_location_immobiliere_React-main/my-react-app/src/component/title.jsx","all":false,"statementMap":{"0":{"start":{"line":1,"column":0},"end":{"line":1,"column":36}},"1":{"start":{"line":2,"column":0},"end":{"line":2,"column":26}},"2":{"start":{"line":3,"column":0},"end":{"line":3,"column":26}},"3":{"start":{"line":4,"column":0},"end":{"line":4,"column":29}},"6":{"start":{"line":7,"column":0},"end":{"line":7,"column":26}},"7":{"start":{"line":8,"column":0},"end":{"line":8,"column":41}},"8":{"start":{"line":9,"column":0},"end":{"line":9,"column":52}},"10":{"start":{"line":11,"column":0},"end":{"line":11,"column":12}},"12":{"start":{"line":13,"column":0},"end":{"line":13,"column":40}},"14":{"start":{"line":15,"column":0},"end":{"line":15,"column":119}},"15":{"start":{"line":16,"column":0},"end":{"line":16,"column":85}},"18":{"start":{"line":19,"column":0},"end":{"line":19,"column":16}},"22":{"start":{"line":23,"column":0},"end":{"line":23,"column":3}},"24":{"start":{"line":25,"column":0},"end":{"line":25,"column":23}}},"s":{"0":1,"1":1,"2":1,"3":1,"6":3,"7":3,"8":3,"10":3,"12":3,"14":3,"15":3,"18":3,"22":3,"24":1},"branchMap":{"0":{"type":"branch","line":7,"loc":{"start":{"line":7,"column":0},"end":{"line":23,"column":3}},"locations":[{"start":{"line":7,"column":0},"end":{"line":23,"column":3}}]}},"b":{"0":[3]},"fnMap":{"0":{"name":"Title","decl":{"start":{"line":7,"column":0},"end":{"line":23,"column":3}},"loc":{"start":{"line":7,"column":0},"end":{"line":23,"column":3}},"line":7}},"f":{"0":3}}
,"/Users/Mac/Downloads/TesteurLogiciel_appli_location_immobiliere_React-main/my-react-app/src/page/about.jsx": {"path":"/Users/Mac/Downloads/TesteurLogiciel_appli_location_immobiliere_React-main/my-react-app/src/page/about.jsx","all":true,"statementMap":{"0":{"start":{"line":1,"column":0},"end":{"line":1,"column":33}},"1":{"start":{"line":2,"column":0},"end":{"line":2,"column":39}},"2":{"start":{"line":3,"column":0},"end":{"line":3,"column":41}},"3":{"start":{"line":4,"column":0},"end":{"line":4,"column":45}},"4":{"start":{"line":5,"column":0},"end":{"line":5,"column":57}},"5":{"start":{"line":6,"column":0},"end":{"line":6,"column":19}},"6":{"start":{"line":7,"column":0},"end":{"line":7,"column":3}},"7":{"start":{"line":8,"column":0},"end":{"line":8,"column":12}},"8":{"start":{"line":9,"column":0},"end":{"line":9,"column":23}},"9":{"start":{"line":10,"column":0},"end":{"line":10,"column":16}},"10":{"start":{"line":11,"column":0},"end":{"line":11,"column":74}},"11":{"start":{"line":12,"column":0},"end":{"line":12,"column":4}},"12":{"start":{"line":13,"column":0},"end":{"line":13,"column":3}},"13":{"start":{"line":14,"column":0},"end":{"line":14,"column":12}},"14":{"start":{"line":15,"column":0},"end":{"line":15,"column":21}},"15":{"start":{"line":16,"column":0},"end":{"line":16,"column":16}},"16":{"start":{"line":17,"column":0},"end":{"line":17,"column":70}},"17":{"start":{"line":18,"column":0},"end":{"line":18,"column":4}},"18":{"start":{"line":19,"column":0},"end":{"line":19,"column":3}},"19":{"start":{"line":20,"column":0},"end":{"line":20,"column":12}},"20":{"start":{"line":21,"column":0},"end":{"line":21,"column":21}},"21":{"start":{"line":22,"column":0},"end":{"line":22,"column":16}},"22":{"start":{"line":23,"column":0},"end":{"line":23,"column":70}},"23":{"start":{"line":24,"column":0},"end":{"line":24,"column":4}},"24":{"start":{"line":25,"column":0},"end":{"line":25,"column":3}},"25":{"start":{"line":26,"column":0},"end":{"line":26,"column":12}},"26":{"start":{"line":27,"column":0},"end":{"line":27,"column":22}},"27":{"start":{"line":28,"column":0},"end":{"line":28,"column":16}},"28":{"start":{"line":29,"column":0},"end":{"line":29,"column":45}},"29":{"start":{"line":30,"column":0},"end":{"line":30,"column":2}},"30":{"start":{"line":31,"column":0},"end":{"line":31,"column":33}},"31":{"start":{"line":32,"column":0},"end":{"line":32,"column":10}},"33":{"start":{"line":34,"column":0},"end":{"line":34,"column":10}},"34":{"start":{"line":35,"column":0},"end":{"line":35,"column":49}},"37":{"start":{"line":38,"column":0},"end":{"line":38,"column":34}},"39":{"start":{"line":40,"column":0},"end":{"line":40,"column":38}},"41":{"start":{"line":42,"column":0},"end":{"line":42,"column":74}},"44":{"start":{"line":45,"column":0},"end":{"line":45,"column":11}},"45":{"start":{"line":46,"column":0},"end":{"line":46,"column":12}},"46":{"start":{"line":47,"column":0},"end":{"line":47,"column":11}},"53":{"start":{"line":54,"column":0},"end":{"line":54,"column":1}}},"s":{"0":0,"1":0,"2":0,"3":0,"4":0,"5":0,"6":0,"7":0,"8":0,"9":0,"10":0,"11":0,"12":0,"13":0,"14":0,"15":0,"16":0,"17":0,"18":0,"19":0,"20":0,"21":0,"22":0,"23":0,"24":0,"25":0,"26":0,"27":0,"28":0,"29":0,"30":0,"31":0,"33":0,"34":0,"37":0,"39":0,"41":0,"44":0,"45":0,"46":0,"53":0},"branchMap":{"0":{"type":"branch","line":1,"loc":{"start":{"line":1,"column":1123},"end":{"line":54,"column":1}},"locations":[{"start":{"line":1,"column":1123},"end":{"line":54,"column":1}}]}},"b":{"0":[0]},"fnMap":{"0":{"name":"(empty-report)","decl":{"start":{"line":1,"column":1123},"end":{"line":54,"column":1}},"loc":{"start":{"line":1,"column":1123},"end":{"line":54,"column":1}},"line":1}},"f":{"0":0}}
,"/Users/Mac/Downloads/TesteurLogiciel_appli_location_immobiliere_React-main/my-react-app/src/page/accueil.jsx": {"path":"/Users/Mac/Downloads/TesteurLogiciel_appli_location_immobiliere_React-main/my-react-app/src/page/accueil.jsx","all":true,"statementMap":{"0":{"start":{"line":1,"column":0},"end":{"line":1,"column":40}},"1":{"start":{"line":2,"column":0},"end":{"line":2,"column":45}},"2":{"start":{"line":3,"column":0},"end":{"line":3,"column":47}},"3":{"start":{"line":4,"column":0},"end":{"line":4,"column":41}},"6":{"start":{"line":7,"column":0},"end":{"line":7,"column":20}},"7":{"start":{"line":8,"column":0},"end":{"line":8,"column":10}},"8":{"start":{"line":9,"column":0},"end":{"line":9,"column":6}},"9":{"start":{"line":10,"column":0},"end":{"line":10,"column":13}},"10":{"start":{"line":11,"column":0},"end":{"line":11,"column":33}},"11":{"start":{"line":12,"column":0},"end":{"line":12,"column":52}},"12":{"start":{"line":13,"column":0},"end":{"line":13,"column":8}},"14":{"start":{"line":15,"column":0},"end":{"line":15,"column":38}},"15":{"start":{"line":16,"column":0},"end":{"line":16,"column":14}},"16":{"start":{"line":17,"column":0},"end":{"line":17,"column":10}},"18":{"start":{"line":19,"column":0},"end":{"line":19,"column":7}},"20":{"start":{"line":21,"column":0},"end":{"line":21,"column":2}},"22":{"start":{"line":23,"column":0},"end":{"line":23,"column":20}}},"s":{"0":0,"1":0,"2":0,"3":0,"6":0,"7":0,"8":0,"9":0,"10":0,"11":0,"12":0,"14":0,"15":0,"16":0,"18":0,"20":0,"22":0},"branchMap":{"0":{"type":"branch","line":1,"loc":{"start":{"line":1,"column":441},"end":{"line":23,"column":20}},"locations":[{"start":{"line":1,"column":441},"end":{"line":23,"column":20}}]}},"b":{"0":[0]},"fnMap":{"0":{"name":"(empty-report)","decl":{"start":{"line":1,"column":441},"end":{"line":23,"column":20}},"loc":{"start":{"line":1,"column":441},"end":{"line":23,"column":20}},"line":1}},"f":{"0":0}}
,"/Users/Mac/Downloads/TesteurLogiciel_appli_location_immobiliere_React-main/my-react-app/src/page/erreur404.jsx": {"path":"/Users/Mac/Downloads/TesteurLogiciel_appli_location_immobiliere_React-main/my-react-app/src/page/erreur404.jsx","all":false,"statementMap":{"0":{"start":{"line":1,"column":0},"end":{"line":1,"column":25}},"1":{"start":{"line":2,"column":0},"end":{"line":2,"column":40}},"5":{"start":{"line":6,"column":0},"end":{"line":6,"column":18}},"7":{"start":{"line":8,"column":0},"end":{"line":8,"column":11}},"9":{"start":{"line":10,"column":0},"end":{"line":10,"column":29}},"10":{"start":{"line":11,"column":0},"end":{"line":11,"column":40}},"11":{"start":{"line":12,"column":0},"end":{"line":12,"column":43}},"13":{"start":{"line":14,"column":0},"end":{"line":14,"column":15}},"14":{"start":{"line":15,"column":0},"end":{"line":15,"column":44}},"16":{"start":{"line":17,"column":0},"end":{"line":17,"column":13}},"17":{"start":{"line":18,"column":0},"end":{"line":18,"column":13}},"24":{"start":{"line":25,"column":0},"end":{"line":25,"column":1}},"26":{"start":{"line":27,"column":0},"end":{"line":27,"column":20}}},"s":{"0":1,"1":1,"5":1,"7":1,"9":1,"10":1,"11":1,"13":1,"14":1,"16":1,"17":1,"24":1,"26":1},"branchMap":{"0":{"type":"branch","line":6,"loc":{"start":{"line":6,"column":0},"end":{"line":25,"column":1}},"locations":[{"start":{"line":6,"column":0},"end":{"line":25,"column":1}}]}},"b":{"0":[1]},"fnMap":{"0":{"name":"Error","decl":{"start":{"line":6,"column":0},"end":{"line":25,"column":1}},"loc":{"start":{"line":6,"column":0},"end":{"line":25,"column":1}},"line":6}},"f":{"0":1}}
,"/Users/Mac/Downloads/TesteurLogiciel_appli_location_immobiliere_React-main/my-react-app/src/page/information.jsx": {"path":"/Users/Mac/Downloads/TesteurLogiciel_appli_location_immobiliere_React-main/my-react-app/src/page/information.jsx","all":false,"statementMap":{"0":{"start":{"line":1,"column":0},"end":{"line":1,"column":57}},"1":{"start":{"line":2,"column":0},"end":{"line":2,"column":47}},"3":{"start":{"line":4,"column":0},"end":{"line":4,"column":39}},"4":{"start":{"line":5,"column":0},"end":{"line":5,"column":37}},"5":{"start":{"line":6,"column":0},"end":{"line":6,"column":40}},"6":{"start":{"line":7,"column":0},"end":{"line":7,"column":37}},"7":{"start":{"line":8,"column":0},"end":{"line":8,"column":45}},"8":{"start":{"line":9,"column":0},"end":{"line":9,"column":31}},"9":{"start":{"line":10,"column":0},"end":{"line":10,"column":33}},"10":{"start":{"line":11,"column":0},"end":{"line":11,"column":34}},"12":{"start":{"line":13,"column":0},"end":{"line":13,"column":25}},"13":{"start":{"line":14,"column":0},"end":{"line":14,"column":32}},"14":{"start":{"line":15,"column":0},"end":{"line":15,"column":32}},"15":{"start":{"line":16,"column":0},"end":{"line":16,"column":39}},"16":{"start":{"line":17,"column":0},"end":{"line":17,"column":22}},"17":{"start":{"line":18,"column":0},"end":{"line":18,"column":19}},"19":{"start":{"line":20,"column":0},"end":{"line":20,"column":32}},"20":{"start":{"line":21,"column":0},"end":{"line":21,"column":84}},"21":{"start":{"line":22,"column":0},"end":{"line":22,"column":34}},"22":{"start":{"line":23,"column":0},"end":{"line":23,"column":43}},"23":{"start":{"line":24,"column":0},"end":{"line":24,"column":22}},"24":{"start":{"line":25,"column":0},"end":{"line":25,"column":26}},"25":{"start":{"line":26,"column":0},"end":{"line":26,"column":45}},"27":{"start":{"line":28,"column":0},"end":{"line":28,"column":7}},"28":{"start":{"line":29,"column":0},"end":{"line":29,"column":12}},"29":{"start":{"line":30,"column":0},"end":{"line":30,"column":36}},"30":{"start":{"line":31,"column":0},"end":{"line":31,"column":27}},"31":{"start":{"line":32,"column":0},"end":{"line":32,"column":7}},"33":{"start":{"line":34,"column":0},"end":{"line":34,"column":7}},"34":{"start":{"line":35,"column":0},"end":{"line":35,"column":16}},"35":{"start":{"line":36,"column":0},"end":{"line":36,"column":18}},"37":{"start":{"line":38,"column":0},"end":{"line":38,"column":26}},"38":{"start":{"line":39,"column":0},"end":{"line":39,"column":45}},"39":{"start":{"line":40,"column":0},"end":{"line":40,"column":3}},"40":{"start":{"line":41,"column":0},"end":{"line":41,"column":10}},"41":{"start":{"line":42,"column":0},"end":{"line":42,"column":33}},"42":{"start":{"line":43,"column":0},"end":{"line":43,"column":29}},"43":{"start":{"line":44,"column":0},"end":{"line":44,"column":24}},"44":{"start":{"line":45,"column":0},"end":{"line":45,"column":9}},"45":{"start":{"line":46,"column":0},"end":{"line":46,"column":25}},"46":{"start":{"line":47,"column":0},"end":{"line":47,"column":42}},"47":{"start":{"line":48,"column":0},"end":{"line":48,"column":24}},"48":{"start":{"line":49,"column":0},"end":{"line":49,"column":25}},"49":{"start":{"line":50,"column":0},"end":{"line":50,"column":16}},"51":{"start":{"line":52,"column":0},"end":{"line":52,"column":40}},"52":{"start":{"line":53,"column":0},"end":{"line":53,"column":29}},"53":{"start":{"line":54,"column":0},"end":{"line":54,"column":17}},"54":{"start":{"line":55,"column":0},"end":{"line":55,"column":33}},"55":{"start":{"line":56,"column":0},"end":{"line":56,"column":29}},"56":{"start":{"line":57,"column":0},"end":{"line":57,"column":28}},"57":{"start":{"line":58,"column":0},"end":{"line":58,"column":12}},"58":{"start":{"line":59,"column":0},"end":{"line":59,"column":30}},"59":{"start":{"line":60,"column":0},"end":{"line":60,"column":17}},"60":{"start":{"line":61,"column":0},"end":{"line":61,"column":32}},"61":{"start":{"line":62,"column":0},"end":{"line":62,"column":29}},"62":{"start":{"line":63,"column":0},"end":{"line":63,"column":25}},"63":{"start":{"line":64,"column":0},"end":{"line":64,"column":10}},"64":{"start":{"line":65,"column":0},"end":{"line":65,"column":12}},"65":{"start":{"line":66,"column":0},"end":{"line":66,"column":10}},"66":{"start":{"line":67,"column":0},"end":{"line":67,"column":8}},"69":{"start":{"line":70,"column":0},"end":{"line":70,"column":1}},"71":{"start":{"line":72,"column":0},"end":{"line":72,"column":28}}},"s":{"0":1,"1":1,"3":1,"4":1,"5":1,"6":1,"7":1,"8":1,"9":1,"10":1,"12":4,"13":4,"14":4,"15":4,"16":4,"17":4,"19":3,"20":3,"21":3,"22":1,"23":1,"24":1,"25":1,"27":1,"28":1,"29":1,"30":1,"31":1,"33":3,"34":3,"35":4,"37":4,"38":3,"39":3,"40":1,"41":1,"42":1,"43":1,"44":1,"45":1,"46":1,"47":1,"48":1,"49":1,"51":1,"52":1,"53":1,"54":1,"55":1,"56":1,"57":1,"58":1,"59":1,"60":1,"61":1,"62":1,"63":1,"64":1,"65":1,"66":1,"69":1,"71":1},"branchMap":{"0":{"type":"branch","line":13,"loc":{"start":{"line":13,"column":0},"end":{"line":70,"column":1}},"locations":[{"start":{"line":13,"column":0},"end":{"line":70,"column":1}}]},"1":{"type":"branch","line":38,"loc":{"start":{"line":38,"column":25},"end":{"line":40,"column":3}},"locations":[{"start":{"line":38,"column":25},"end":{"line":40,"column":3}}]},"2":{"type":"branch","line":40,"loc":{"start":{"line":40,"column":2},"end":{"line":70,"column":1}},"locations":[{"start":{"line":40,"column":2},"end":{"line":70,"column":1}}]},"3":{"type":"branch","line":18,"loc":{"start":{"line":18,"column":12},"end":{"line":36,"column":8}},"locations":[{"start":{"line":18,"column":12},"end":{"line":36,"column":8}}]},"4":{"type":"branch","line":20,"loc":{"start":{"line":20,"column":4},"end":{"line":34,"column":7}},"locations":[{"start":{"line":20,"column":4},"end":{"line":34,"column":7}}]},"5":{"type":"branch","line":21,"loc":{"start":{"line":21,"column":82},"end":{"line":22,"column":33}},"locations":[{"start":{"line":21,"column":82},"end":{"line":22,"column":33}}]},"6":{"type":"branch","line":22,"loc":{"start":{"line":22,"column":33},"end":{"line":32,"column":7}},"locations":[{"start":{"line":22,"column":33},"end":{"line":32,"column":7}}]}},"b":{"0":[4],"1":[3],"2":[1],"3":[3],"4":[3],"5":[2],"6":[1]},"fnMap":{"0":{"name":"Accomodation","decl":{"start":{"line":13,"column":0},"end":{"line":70,"column":1}},"loc":{"start":{"line":13,"column":0},"end":{"line":70,"column":1}},"line":13},"1":{"name":"getData","decl":{"start":{"line":20,"column":4},"end":{"line":34,"column":7}},"loc":{"start":{"line":20,"column":4},"end":{"line":34,"column":7}},"line":20}},"f":{"0":4,"1":3}}
}
