{"/Users/Mac/Downloads/TesteurLogiciel_appli_location_immobiliere_React-main/my-react-app/src/App.jsx": {"path":"/Users/Mac/Downloads/TesteurLogiciel_appli_location_immobiliere_React-main/my-react-app/src/App.jsx","all":true,"statementMap":{"0":{"start":{"line":1,"column":0},"end":{"line":1,"column":32}},"1":{"start":{"line":2,"column":0},"end":{"line":2,"column":40}},"2":{"start":{"line":3,"column":0},"end":{"line":3,"column":34}},"3":{"start":{"line":4,"column":0},"end":{"line":4,"column":32}},"4":{"start":{"line":5,"column":0},"end":{"line":5,"column":37}},"5":{"start":{"line":6,"column":0},"end":{"line":6,"column":40}},"6":{"start":{"line":7,"column":0},"end":{"line":7,"column":46}},"7":{"start":{"line":8,"column":0},"end":{"line":8,"column":8}},"11":{"start":{"line":12,"column":0},"end":{"line":12,"column":16}},"12":{"start":{"line":13,"column":0},"end":{"line":13,"column":13}},"13":{"start":{"line":14,"column":0},"end":{"line":14,"column":35}},"14":{"start":{"line":15,"column":0},"end":{"line":15,"column":33}},"15":{"start":{"line":16,"column":0},"end":{"line":16,"column":20}},"16":{"start":{"line":17,"column":0},"end":{"line":17,"column":15}},"17":{"start":{"line":18,"column":0},"end":{"line":18,"column":14}},"18":{"start":{"line":19,"column":0},"end":{"line":19,"column":43}},"19":{"start":{"line":20,"column":0},"end":{"line":20,"column":48}},"20":{"start":{"line":21,"column":0},"end":{"line":21,"column":43}},"21":{"start":{"line":22,"column":0},"end":{"line":22,"column":67}},"22":{"start":{"line":23,"column":0},"end":{"line":23,"column":15}},"24":{"start":{"line":25,"column":0},"end":{"line":25,"column":22}},"25":{"start":{"line":26,"column":0},"end":{"line":26,"column":12}},"26":{"start":{"line":27,"column":0},"end":{"line":27,"column":34}},"27":{"start":{"line":28,"column":0},"end":{"line":28,"column":16}},"28":{"start":{"line":29,"column":0},"end":{"line":29,"column":12}},"33":{"start":{"line":34,"column":0},"end":{"line":34,"column":10}},"35":{"start":{"line":36,"column":0},"end":{"line":36,"column":1}},"37":{"start":{"line":38,"column":0},"end":{"line":38,"column":18}}},"s":{"0":0,"1":0,"2":0,"3":0,"4":0,"5":0,"6":0,"7":0,"11":0,"12":0,"13":0,"14":0,"15":0,"16":0,"17":0,"18":0,"19":0,"20":0,"21":0,"22":0,"24":0,"25":0,"26":0,"27":0,"28":0,"33":0,"35":0,"37":0},"branchMap":{"0":{"type":"branch","line":1,"loc":{"start":{"line":1,"column":876},"end":{"line":38,"column":18}},"locations":[{"start":{"line":1,"column":876},"end":{"line":38,"column":18}}]}},"b":{"0":[0]},"fnMap":{"0":{"name":"(empty-report)","decl":{"start":{"line":1,"column":876},"end":{"line":38,"column":18}},"loc":{"start":{"line":1,"column":876},"end":{"line":38,"column":18}},"line":1}},"f":{"0":0}}
,"/Users/Mac/Downloads/TesteurLogiciel_appli_location_immobiliere_React-main/my-react-app/src/main.jsx": {"path":"/Users/Mac/Downloads/TesteurLogiciel_appli_location_immobiliere_React-main/my-react-app/src/main.jsx","all":true,"statementMap":{"1":{"start":{"line":2,"column":0},"end":{"line":2,"column":39}},"2":{"start":{"line":3,"column":0},"end":{"line":3,"column":27}},"4":{"start":{"line":5,"column":0},"end":{"line":5,"column":20}},"7":{"start":{"line":8,"column":0},"end":{"line":8,"column":60}},"9":{"start":{"line":10,"column":0},"end":{"line":10,"column":11}},"12":{"start":{"line":13,"column":0},"end":{"line":13,"column":1}}},"s":{"1":0,"2":0,"4":0,"7":0,"9":0,"12":0},"branchMap":{"0":{"type":"branch","line":1,"loc":{"start":{"line":1,"column":190},"end":{"line":13,"column":-139}},"locations":[{"start":{"line":1,"column":190},"end":{"line":13,"column":-139}}]}},"b":{"0":[1]},"fnMap":{"0":{"name":"(empty-report)","decl":{"start":{"line":1,"column":190},"end":{"line":13,"column":-139}},"loc":{"start":{"line":1,"column":190},"end":{"line":13,"column":-139}},"line":1}},"f":{"0":1}}
,"/Users/Mac/Downloads/TesteurLogiciel_appli_location_immobiliere_React-main/my-react-app/src/component/banner.jsx": {"path":"/Users/Mac/Downloads/TesteurLogiciel_appli_location_immobiliere_React-main/my-react-app/src/component/banner.jsx","all":false,"statementMap":{"0":{"start":{"line":1,"column":0},"end":{"line":1,"column":26}},"1":{"start":{"line":2,"column":0},"end":{"line":2,"column":36}},"3":{"start":{"line":4,"column":0},"end":{"line":4,"column":45}},"5":{"start":{"line":6,"column":0},"end":{"line":6,"column":12}},"6":{"start":{"line":7,"column":0},"end":{"line":7,"column":46}},"7":{"start":{"line":8,"column":0},"end":{"line":8,"column":36}},"8":{"start":{"line":9,"column":0},"end":{"line":9,"column":80}},"10":{"start":{"line":11,"column":0},"end":{"line":11,"column":59}},"11":{"start":{"line":12,"column":0},"end":{"line":12,"column":17}},"12":{"start":{"line":13,"column":0},"end":{"line":13,"column":18}},"17":{"start":{"line":18,"column":0},"end":{"line":18,"column":3}},"18":{"start":{"line":19,"column":0},"end":{"line":19,"column":24}}},"s":{"0":1,"1":1,"3":2,"5":2,"6":2,"7":2,"8":2,"10":2,"11":2,"12":2,"17":2,"18":1},"branchMap":{"0":{"type":"branch","line":4,"loc":{"start":{"line":4,"column":0},"end":{"line":18,"column":3}},"locations":[{"start":{"line":4,"column":0},"end":{"line":18,"column":3}}]}},"b":{"0":[2]},"fnMap":{"0":{"name":"Banner","decl":{"start":{"line":4,"column":0},"end":{"line":18,"column":3}},"loc":{"start":{"line":4,"column":0},"end":{"line":18,"column":3}},"line":4}},"f":{"0":2}}
,"/Users/Mac/Downloads/TesteurLogiciel_appli_location_immobiliere_React-main/my-react-app/src/component/card.jsx": {"path":"/Users/Mac/Downloads/TesteurLogiciel_appli_location_immobiliere_React-main/my-react-app/src/component/card.jsx","all":false,"statementMap":{"0":{"start":{"line":1,"column":0},"end":{"line":1,"column":24}},"1":{"start":{"line":2,"column":0},"end":{"line":2,"column":53}},"2":{"start":{"line":3,"column":0},"end":{"line":3,"column":44}},"3":{"start":{"line":4,"column":0},"end":{"line":4,"column":42}},"4":{"start":{"line":5,"column":0},"end":{"line":5,"column":17}},"6":{"start":{"line":7,"column":0},"end":{"line":7,"column":33}},"9":{"start":{"line":10,"column":0},"end":{"line":10,"column":39}},"10":{"start":{"line":11,"column":0},"end":{"line":11,"column":47}},"11":{"start":{"line":12,"column":0},"end":{"line":12,"column":43}},"14":{"start":{"line":15,"column":0},"end":{"line":15,"column":33}},"15":{"start":{"line":16,"column":0},"end":{"line":16,"column":9}},"16":{"start":{"line":17,"column":0},"end":{"line":17,"column":66}},"19":{"start":{"line":20,"column":0},"end":{"line":20,"column":25}},"20":{"start":{"line":21,"column":0},"end":{"line":21,"column":60}},"21":{"start":{"line":22,"column":0},"end":{"line":22,"column":7}},"23":{"start":{"line":24,"column":0},"end":{"line":24,"column":41}},"24":{"start":{"line":25,"column":0},"end":{"line":25,"column":58}},"25":{"start":{"line":26,"column":0},"end":{"line":26,"column":19}},"27":{"start":{"line":28,"column":0},"end":{"line":28,"column":73}},"28":{"start":{"line":29,"column":0},"end":{"line":29,"column":55}},"31":{"start":{"line":32,"column":0},"end":{"line":32,"column":25}},"32":{"start":{"line":33,"column":0},"end":{"line":33,"column":15}},"33":{"start":{"line":34,"column":0},"end":{"line":34,"column":25}},"34":{"start":{"line":35,"column":0},"end":{"line":35,"column":5}},"35":{"start":{"line":36,"column":0},"end":{"line":36,"column":4}},"38":{"start":{"line":39,"column":0},"end":{"line":39,"column":19}},"39":{"start":{"line":40,"column":0},"end":{"line":40,"column":16}},"40":{"start":{"line":41,"column":0},"end":{"line":41,"column":9}},"43":{"start":{"line":44,"column":0},"end":{"line":44,"column":16}},"44":{"start":{"line":45,"column":0},"end":{"line":45,"column":70}},"45":{"start":{"line":46,"column":0},"end":{"line":46,"column":3}},"47":{"start":{"line":48,"column":0},"end":{"line":48,"column":14}},"48":{"start":{"line":49,"column":0},"end":{"line":49,"column":56}},"49":{"start":{"line":50,"column":0},"end":{"line":50,"column":3}},"52":{"start":{"line":53,"column":0},"end":{"line":53,"column":10}},"53":{"start":{"line":54,"column":0},"end":{"line":54,"column":83}},"54":{"start":{"line":55,"column":0},"end":{"line":55,"column":100}},"55":{"start":{"line":56,"column":0},"end":{"line":56,"column":104}},"59":{"start":{"line":60,"column":0},"end":{"line":60,"column":80}},"61":{"start":{"line":62,"column":0},"end":{"line":62,"column":53}},"65":{"start":{"line":66,"column":0},"end":{"line":66,"column":38}},"66":{"start":{"line":67,"column":0},"end":{"line":67,"column":14}},"67":{"start":{"line":68,"column":0},"end":{"line":68,"column":9}},"68":{"start":{"line":69,"column":0},"end":{"line":69,"column":10}},"70":{"start":{"line":71,"column":0},"end":{"line":71,"column":1}},"73":{"start":{"line":74,"column":0},"end":{"line":74,"column":20}}},"s":{"0":1,"1":1,"2":1,"3":1,"4":7,"6":7,"9":7,"10":7,"11":7,"14":7,"15":4,"16":4,"19":4,"20":1,"21":1,"23":1,"24":1,"25":4,"27":2,"28":2,"31":2,"32":4,"33":3,"34":3,"35":4,"38":7,"39":4,"40":7,"43":7,"44":4,"45":4,"47":7,"48":2,"49":2,"52":1,"53":1,"54":1,"55":2,"59":2,"61":2,"65":2,"66":2,"67":1,"68":1,"70":1,"73":1},"branchMap":{"0":{"type":"branch","line":5,"loc":{"start":{"line":5,"column":0},"end":{"line":71,"column":1}},"locations":[{"start":{"line":5,"column":0},"end":{"line":71,"column":1}}]},"1":{"type":"branch","line":44,"loc":{"start":{"line":44,"column":15},"end":{"line":46,"column":3}},"locations":[{"start":{"line":44,"column":15},"end":{"line":46,"column":3}}]},"2":{"type":"branch","line":46,"loc":{"start":{"line":46,"column":2},"end":{"line":48,"column":13}},"locations":[{"start":{"line":46,"column":2},"end":{"line":48,"column":13}}]},"3":{"type":"branch","line":48,"loc":{"start":{"line":48,"column":13},"end":{"line":50,"column":3}},"locations":[{"start":{"line":48,"column":13},"end":{"line":50,"column":3}}]},"4":{"type":"branch","line":50,"loc":{"start":{"line":50,"column":2},"end":{"line":71,"column":1}},"locations":[{"start":{"line":50,"column":2},"end":{"line":71,"column":1}}]},"5":{"type":"branch","line":15,"loc":{"start":{"line":15,"column":20},"end":{"line":36,"column":4}},"locations":[{"start":{"line":15,"column":20},"end":{"line":36,"column":4}}]},"6":{"type":"branch","line":17,"loc":{"start":{"line":17,"column":64},"end":{"line":20,"column":24}},"locations":[{"start":{"line":17,"column":64},"end":{"line":20,"column":24}}]},"7":{"type":"branch","line":20,"loc":{"start":{"line":20,"column":24},"end":{"line":26,"column":13}},"locations":[{"start":{"line":20,"column":24},"end":{"line":26,"column":13}}]},"8":{"type":"branch","line":26,"loc":{"start":{"line":26,"column":4},"end":{"line":33,"column":6}},"locations":[{"start":{"line":26,"column":4},"end":{"line":33,"column":6}}]},"9":{"type":"branch","line":33,"loc":{"start":{"line":33,"column":4},"end":{"line":35,"column":5}},"locations":[{"start":{"line":33,"column":4},"end":{"line":35,"column":5}}]},"10":{"type":"branch","line":39,"loc":{"start":{"line":39,"column":12},"end":{"line":41,"column":5}},"locations":[{"start":{"line":39,"column":12},"end":{"line":41,"column":5}}]},"11":{"type":"branch","line":55,"loc":{"start":{"line":55,"column":16},"end":{"line":67,"column":14}},"locations":[{"start":{"line":55,"column":16},"end":{"line":67,"column":14}}]}},"b":{"0":[7],"1":[4],"2":[3],"3":[2],"4":[1],"5":[4],"6":[2],"7":[1],"8":[2],"9":[3],"10":[4],"11":[2]},"fnMap":{"0":{"name":"Card","decl":{"start":{"line":5,"column":0},"end":{"line":71,"column":1}},"loc":{"start":{"line":5,"column":0},"end":{"line":71,"column":1}},"line":5},"1":{"name":"fetchData","decl":{"start":{"line":15,"column":20},"end":{"line":36,"column":4}},"loc":{"start":{"line":15,"column":20},"end":{"line":36,"column":4}},"line":15}},"f":{"0":7,"1":4}}
,"/Users/Mac/Downloads/TesteurLogiciel_appli_location_immobiliere_React-main/my-react-app/src/component/carrousel.jsx": {"path":"/Users/Mac/Downloads/TesteurLogiciel_appli_location_immobiliere_React-main/my-react-app/src/component/carrousel.jsx","all":false,"statementMap":{"1":{"start":{"line":2,"column":0},"end":{"line":2,"column":33}},"2":{"start":{"line":3,"column":0},"end":{"line":3,"column":50}},"3":{"start":{"line":4,"column":0},"end":{"line":4,"column":52}},"5":{"start":{"line":6,"column":0},"end":{"line":6,"column":28}},"9":{"start":{"line":10,"column":0},"end":{"line":10,"column":28}},"10":{"start":{"line":11,"column":0},"end":{"line":11,"column":30}},"12":{"start":{"line":13,"column":0},"end":{"line":13,"column":56}},"15":{"start":{"line":16,"column":0},"end":{"line":16,"column":29}},"16":{"start":{"line":17,"column":0},"end":{"line":17,"column":39}},"17":{"start":{"line":18,"column":0},"end":{"line":18,"column":58}},"18":{"start":{"line":19,"column":0},"end":{"line":19,"column":10}},"19":{"start":{"line":20,"column":0},"end":{"line":20,"column":6}},"22":{"start":{"line":23,"column":0},"end":{"line":23,"column":29}},"23":{"start":{"line":24,"column":0},"end":{"line":24,"column":39}},"24":{"start":{"line":25,"column":0},"end":{"line":25,"column":89}},"25":{"start":{"line":26,"column":0},"end":{"line":26,"column":10}},"26":{"start":{"line":27,"column":0},"end":{"line":27,"column":6}},"28":{"start":{"line":29,"column":0},"end":{"line":29,"column":62}},"29":{"start":{"line":30,"column":0},"end":{"line":30,"column":48}},"30":{"start":{"line":31,"column":0},"end":{"line":31,"column":5}},"32":{"start":{"line":33,"column":0},"end":{"line":33,"column":12}},"33":{"start":{"line":34,"column":0},"end":{"line":34,"column":35}},"34":{"start":{"line":35,"column":0},"end":{"line":35,"column":49}},"35":{"start":{"line":36,"column":0},"end":{"line":36,"column":21}},"36":{"start":{"line":37,"column":0},"end":{"line":37,"column":25}},"37":{"start":{"line":38,"column":0},"end":{"line":38,"column":47}},"38":{"start":{"line":39,"column":0},"end":{"line":39,"column":66}},"39":{"start":{"line":40,"column":0},"end":{"line":40,"column":49}},"40":{"start":{"line":41,"column":0},"end":{"line":41,"column":22}},"41":{"start":{"line":42,"column":0},"end":{"line":42,"column":105}},"42":{"start":{"line":43,"column":0},"end":{"line":43,"column":22}},"43":{"start":{"line":44,"column":0},"end":{"line":44,"column":18}},"44":{"start":{"line":45,"column":0},"end":{"line":45,"column":50}},"45":{"start":{"line":46,"column":0},"end":{"line":46,"column":18}},"46":{"start":{"line":47,"column":0},"end":{"line":47,"column":49}},"47":{"start":{"line":48,"column":0},"end":{"line":48,"column":45}},"48":{"start":{"line":49,"column":0},"end":{"line":49,"column":40}},"49":{"start":{"line":50,"column":0},"end":{"line":50,"column":39}},"50":{"start":{"line":51,"column":0},"end":{"line":51,"column":23}},"51":{"start":{"line":52,"column":0},"end":{"line":52,"column":25}},"52":{"start":{"line":53,"column":0},"end":{"line":53,"column":70}},"53":{"start":{"line":54,"column":0},"end":{"line":54,"column":59}},"54":{"start":{"line":55,"column":0},"end":{"line":55,"column":22}},"55":{"start":{"line":56,"column":0},"end":{"line":56,"column":19}},"58":{"start":{"line":59,"column":0},"end":{"line":59,"column":14}},"60":{"start":{"line":61,"column":0},"end":{"line":61,"column":1}},"66":{"start":{"line":67,"column":0},"end":{"line":67,"column":25}}},"s":{"1":1,"2":1,"3":1,"5":1,"9":5,"10":5,"12":5,"15":5,"16":1,"17":1,"18":1,"19":1,"22":5,"23":1,"24":1,"25":1,"26":1,"28":5,"29":1,"30":1,"32":4,"33":4,"34":4,"35":4,"36":4,"37":4,"38":4,"39":4,"40":4,"41":4,"42":4,"43":4,"44":4,"45":4,"46":4,"47":4,"48":4,"49":4,"50":4,"51":4,"52":4,"53":4,"54":4,"55":4,"58":5,"60":5,"66":1},"branchMap":{"0":{"type":"branch","line":10,"loc":{"start":{"line":10,"column":0},"end":{"line":61,"column":1}},"locations":[{"start":{"line":10,"column":0},"end":{"line":61,"column":1}}]},"1":{"type":"branch","line":29,"loc":{"start":{"line":29,"column":61},"end":{"line":31,"column":5}},"locations":[{"start":{"line":29,"column":61},"end":{"line":31,"column":5}}]},"2":{"type":"branch","line":31,"loc":{"start":{"line":31,"column":4},"end":{"line":56,"column":19}},"locations":[{"start":{"line":31,"column":4},"end":{"line":56,"column":19}}]},"3":{"type":"branch","line":16,"loc":{"start":{"line":16,"column":22},"end":{"line":20,"column":6}},"locations":[{"start":{"line":16,"column":22},"end":{"line":20,"column":6}}]},"4":{"type":"branch","line":17,"loc":{"start":{"line":17,"column":24},"end":{"line":18,"column":58}},"locations":[{"start":{"line":17,"column":24},"end":{"line":18,"column":58}}]},"5":{"type":"branch","line":23,"loc":{"start":{"line":23,"column":22},"end":{"line":27,"column":6}},"locations":[{"start":{"line":23,"column":22},"end":{"line":27,"column":6}}]},"6":{"type":"branch","line":24,"loc":{"start":{"line":24,"column":24},"end":{"line":25,"column":89}},"locations":[{"start":{"line":24,"column":24},"end":{"line":25,"column":89}}]}},"b":{"0":[5],"1":[1],"2":[4],"3":[1],"4":[1],"5":[1],"6":[1]},"fnMap":{"0":{"name":"Carrousel","decl":{"start":{"line":10,"column":0},"end":{"line":61,"column":1}},"loc":{"start":{"line":10,"column":0},"end":{"line":61,"column":1}},"line":10},"1":{"name":"nextImage","decl":{"start":{"line":16,"column":22},"end":{"line":20,"column":6}},"loc":{"start":{"line":16,"column":22},"end":{"line":20,"column":6}},"line":16},"2":{"name":"prevImage","decl":{"start":{"line":23,"column":22},"end":{"line":27,"column":6}},"loc":{"start":{"line":23,"column":22},"end":{"line":27,"column":6}},"line":23}},"f":{"0":5,"1":1,"2":1}}
,"/Users/Mac/Downloads/TesteurLogiciel_appli_location_immobiliere_React-main/my-react-app/src/component/collapse.jsx": {"path":"/Users/Mac/Downloads/TesteurLogiciel_appli_location_immobiliere_React-main/my-react-app/src/component/collapse.jsx","all":false,"statementMap":{"0":{"start":{"line":1,"column":0},"end":{"line":1,"column":28}},"1":{"start":{"line":2,"column":0},"end":{"line":2,"column":33}},"2":{"start":{"line":3,"column":0},"end":{"line":3,"column":46}},"4":{"start":{"line":5,"column":0},"end":{"line":5,"column":36}},"5":{"start":{"line":6,"column":0},"end":{"line":6,"column":56}},"7":{"start":{"line":8,"column":0},"end":{"line":8,"column":37}},"8":{"start":{"line":9,"column":0},"end":{"line":9,"column":33}},"10":{"start":{"line":11,"column":0},"end":{"line":11,"column":4}},"12":{"start":{"line":13,"column":0},"end":{"line":13,"column":10}},"13":{"start":{"line":14,"column":0},"end":{"line":14,"column":57}},"14":{"start":{"line":15,"column":0},"end":{"line":15,"column":29}},"15":{"start":{"line":16,"column":0},"end":{"line":16,"column":24}},"16":{"start":{"line":17,"column":0},"end":{"line":17,"column":12}},"17":{"start":{"line":18,"column":0},"end":{"line":18,"column":63}},"18":{"start":{"line":19,"column":0},"end":{"line":19,"column":22}},"19":{"start":{"line":20,"column":0},"end":{"line":20,"column":22}},"20":{"start":{"line":21,"column":0},"end":{"line":21,"column":10}},"21":{"start":{"line":22,"column":0},"end":{"line":22,"column":12}},"22":{"start":{"line":23,"column":0},"end":{"line":23,"column":69}},"23":{"start":{"line":24,"column":0},"end":{"line":24,"column":34}},"25":{"start":{"line":26,"column":0},"end":{"line":26,"column":68}},"27":{"start":{"line":28,"column":0},"end":{"line":28,"column":25}},"29":{"start":{"line":30,"column":0},"end":{"line":30,"column":12}},"30":{"start":{"line":31,"column":0},"end":{"line":31,"column":10}},"32":{"start":{"line":33,"column":0},"end":{"line":33,"column":1}},"34":{"start":{"line":35,"column":0},"end":{"line":35,"column":24}}},"s":{"0":1,"1":1,"2":1,"4":5,"5":5,"7":5,"8":2,"10":2,"12":5,"13":5,"14":5,"15":5,"16":5,"17":5,"18":5,"19":5,"20":5,"21":5,"22":5,"23":5,"25":1,"27":4,"29":5,"30":5,"32":5,"34":1},"branchMap":{"0":{"type":"branch","line":5,"loc":{"start":{"line":5,"column":0},"end":{"line":33,"column":1}},"locations":[{"start":{"line":5,"column":0},"end":{"line":33,"column":1}}]},"1":{"type":"branch","line":18,"loc":{"start":{"line":18,"column":21},"end":{"line":18,"column":46}},"locations":[{"start":{"line":18,"column":21},"end":{"line":18,"column":46}}]},"2":{"type":"branch","line":18,"loc":{"start":{"line":18,"column":35},"end":{"line":18,"column":63}},"locations":[{"start":{"line":18,"column":35},"end":{"line":18,"column":63}}]},"3":{"type":"branch","line":23,"loc":{"start":{"line":23,"column":37},"end":{"line":23,"column":63}},"locations":[{"start":{"line":23,"column":37},"end":{"line":23,"column":63}}]},"4":{"type":"branch","line":23,"loc":{"start":{"line":23,"column":51},"end":{"line":23,"column":65}},"locations":[{"start":{"line":23,"column":51},"end":{"line":23,"column":65}}]},"5":{"type":"branch","line":24,"loc":{"start":{"line":24,"column":29},"end":{"line":26,"column":68}},"locations":[{"start":{"line":24,"column":29},"end":{"line":26,"column":68}}]},"6":{"type":"branch","line":26,"loc":{"start":{"line":26,"column":67},"end":{"line":28,"column":25}},"locations":[{"start":{"line":26,"column":67},"end":{"line":28,"column":25}}]},"7":{"type":"branch","line":8,"loc":{"start":{"line":8,"column":30},"end":{"line":11,"column":4}},"locations":[{"start":{"line":8,"column":30},"end":{"line":11,"column":4}}]},"8":{"type":"branch","line":26,"loc":{"start":{"line":26,"column":21},"end":{"line":26,"column":67}},"locations":[{"start":{"line":26,"column":21},"end":{"line":26,"column":67}}]}},"b":{"0":[5],"1":[1],"2":[4],"3":[1],"4":[4],"5":[1],"6":[4],"7":[2],"8":[2]},"fnMap":{"0":{"name":"Collapse","decl":{"start":{"line":5,"column":0},"end":{"line":33,"column":1}},"loc":{"start":{"line":5,"column":0},"end":{"line":33,"column":1}},"line":5},"1":{"name":"handleCollapseClick","decl":{"start":{"line":8,"column":30},"end":{"line":11,"column":4}},"loc":{"start":{"line":8,"column":30},"end":{"line":11,"column":4}},"line":8}},"f":{"0":5,"1":2}}
,"/Users/Mac/Downloads/TesteurLogiciel_appli_location_immobiliere_React-main/my-react-app/src/component/footer.jsx": {"path":"/Users/Mac/Downloads/TesteurLogiciel_appli_location_immobiliere_React-main/my-react-app/src/component/footer.jsx","all":false,"statementMap":{"0":{"start":{"line":1,"column":0},"end":{"line":1,"column":51}},"2":{"start":{"line":3,"column":0},"end":{"line":3,"column":26}},"4":{"start":{"line":5,"column":0},"end":{"line":5,"column":19}},"5":{"start":{"line":6,"column":0},"end":{"line":6,"column":12}},"6":{"start":{"line":7,"column":0},"end":{"line":7,"column":33}},"7":{"start":{"line":8,"column":0},"end":{"line":8,"column":73}},"8":{"start":{"line":9,"column":0},"end":{"line":9,"column":70}},"9":{"start":{"line":10,"column":0},"end":{"line":10,"column":15}},"11":{"start":{"line":12,"column":0},"end":{"line":12,"column":3}},"13":{"start":{"line":14,"column":0},"end":{"line":14,"column":22}}},"s":{"0":1,"2":1,"4":3,"5":3,"6":3,"7":3,"8":3,"9":3,"11":3,"13":1},"branchMap":{"0":{"type":"branch","line":5,"loc":{"start":{"line":5,"column":0},"end":{"line":12,"column":3}},"locations":[{"start":{"line":5,"column":0},"end":{"line":12,"column":3}}]}},"b":{"0":[3]},"fnMap":{"0":{"name":"Footer","decl":{"start":{"line":5,"column":0},"end":{"line":12,"column":3}},"loc":{"start":{"line":5,"column":0},"end":{"line":12,"column":3}},"line":5}},"f":{"0":3}}
,"/Users/Mac/Downloads/TesteurLogiciel_appli_location_immobiliere_React-main/my-react-app/src/component/header.jsx": {"path":"/Users/Mac/Downloads/TesteurLogiciel_appli_location_immobiliere_React-main/my-react-app/src/component/header.jsx","all":false,"statementMap":{"0":{"start":{"line":1,"column":0},"end":{"line":1,"column":40}},"1":{"start":{"line":2,"column":0},"end":{"line":2,"column":39}},"2":{"start":{"line":3,"column":0},"end":{"line":3,"column":37}},"4":{"start":{"line":5,"column":0},"end":{"line":5,"column":19}},"5":{"start":{"line":6,"column":0},"end":{"line":6,"column":12}},"6":{"start":{"line":7,"column":0},"end":{"line":7,"column":33}},"8":{"start":{"line":9,"column":0},"end":{"line":9,"column":59}},"10":{"start":{"line":11,"column":0},"end":{"line":11,"column":13}},"11":{"start":{"line":12,"column":0},"end":{"line":12,"column":35}},"12":{"start":{"line":13,"column":0},"end":{"line":13,"column":41}},"14":{"start":{"line":15,"column":0},"end":{"line":15,"column":14}},"15":{"start":{"line":16,"column":0},"end":{"line":16,"column":15}},"17":{"start":{"line":18,"column":0},"end":{"line":18,"column":3}},"18":{"start":{"line":19,"column":0},"end":{"line":19,"column":24}}},"s":{"0":1,"1":1,"2":1,"4":3,"5":3,"6":3,"8":3,"10":3,"11":3,"12":3,"14":3,"15":3,"17":3,"18":1},"branchMap":{"0":{"type":"branch","line":5,"loc":{"start":{"line":5,"column":0},"end":{"line":18,"column":3}},"locations":[{"start":{"line":5,"column":0},"end":{"line":18,"column":3}}]}},"b":{"0":[3]},"fnMap":{"0":{"name":"Header","decl":{"start":{"line":5,"column":0},"end":{"line":18,"column":3}},"loc":{"start":{"line":5,"column":0},"end":{"line":18,"column":3}},"line":5}},"f":{"0":3}}
,"/Users/Mac/Downloads/TesteurLogiciel_appli_location_immobiliere_React-main/my-react-app/src/component/host.jsx": {"path":"/Users/Mac/Downloads/TesteurLogiciel_appli_location_immobiliere_React-main/my-react-app/src/component/host.jsx","all":false,"statementMap":{"0":{"start":{"line":1,"column":0},"end":{"line":1,"column":28}},"1":{"start":{"line":2,"column":0},"end":{"line":2,"column":29}},"3":{"start":{"line":4,"column":0},"end":{"line":4,"column":25}},"4":{"start":{"line":5,"column":0},"end":{"line":5,"column":28}},"6":{"start":{"line":7,"column":0},"end":{"line":7,"column":10}},"7":{"start":{"line":8,"column":0},"end":{"line":8,"column":33}},"8":{"start":{"line":9,"column":0},"end":{"line":9,"column":86}},"9":{"start":{"line":10,"column":0},"end":{"line":10,"column":62}},"10":{"start":{"line":11,"column":0},"end":{"line":11,"column":14}},"11":{"start":{"line":12,"column":0},"end":{"line":12,"column":36}},"12":{"start":{"line":13,"column":0},"end":{"line":13,"column":42}},"13":{"start":{"line":14,"column":0},"end":{"line":14,"column":39}},"14":{"start":{"line":15,"column":0},"end":{"line":15,"column":12}},"15":{"start":{"line":16,"column":0},"end":{"line":16,"column":14}},"16":{"start":{"line":17,"column":0},"end":{"line":17,"column":13}},"17":{"start":{"line":18,"column":0},"end":{"line":18,"column":31}},"18":{"start":{"line":19,"column":0},"end":{"line":19,"column":14}},"19":{"start":{"line":20,"column":0},"end":{"line":20,"column":12}},"23":{"start":{"line":24,"column":0},"end":{"line":24,"column":1}},"25":{"start":{"line":26,"column":0},"end":{"line":26,"column":20}}},"s":{"0":1,"1":1,"3":3,"4":3,"6":3,"7":3,"8":3,"9":3,"10":3,"11":3,"12":3,"13":3,"14":3,"15":3,"16":3,"17":3,"18":3,"19":3,"23":3,"25":1},"branchMap":{"0":{"type":"branch","line":4,"loc":{"start":{"line":4,"column":0},"end":{"line":24,"column":1}},"locations":[{"start":{"line":4,"column":0},"end":{"line":24,"column":1}}]},"1":{"type":"branch","line":9,"loc":{"start":{"line":9,"column":51},"end":{"line":9,"column":66}},"locations":[{"start":{"line":9,"column":51},"end":{"line":9,"column":66}}]},"2":{"type":"branch","line":9,"loc":{"start":{"line":9,"column":57},"end":{"line":9,"column":86}},"locations":[{"start":{"line":9,"column":57},"end":{"line":9,"column":86}}]}},"b":{"0":[3],"1":[2],"2":[1]},"fnMap":{"0":{"name":"Host","decl":{"start":{"line":4,"column":0},"end":{"line":24,"column":1}},"loc":{"start":{"line":4,"column":0},"end":{"line":24,"column":1}},"line":4}},"f":{"0":3}}
,"/Users/Mac/Downloads/TesteurLogiciel_appli_location_immobiliere_React-main/my-react-app/src/component/rating.jsx": {"path":"/Users/Mac/Downloads/TesteurLogiciel_appli_location_immobiliere_React-main/my-react-app/src/component/rating.jsx","all":false,"statementMap":{"0":{"start":{"line":1,"column":0},"end":{"line":1,"column":47}},"1":{"start":{"line":2,"column":0},"end":{"line":2,"column":47}},"2":{"start":{"line":3,"column":0},"end":{"line":3,"column":39}},"4":{"start":{"line":5,"column":0},"end":{"line":5,"column":26}},"7":{"start":{"line":8,"column":0},"end":{"line":8,"column":21}},"8":{"start":{"line":9,"column":0},"end":{"line":9,"column":31}},"11":{"start":{"line":12,"column":0},"end":{"line":12,"column":39}},"12":{"start":{"line":13,"column":0},"end":{"line":13,"column":84}},"13":{"start":{"line":14,"column":0},"end":{"line":14,"column":5}},"16":{"start":{"line":17,"column":0},"end":{"line":17,"column":38}},"17":{"start":{"line":18,"column":0},"end":{"line":18,"column":85}},"18":{"start":{"line":19,"column":0},"end":{"line":19,"column":5}},"20":{"start":{"line":21,"column":0},"end":{"line":21,"column":12}},"21":{"start":{"line":22,"column":0},"end":{"line":22,"column":83}},"22":{"start":{"line":23,"column":0},"end":{"line":23,"column":19}},"23":{"start":{"line":24,"column":0},"end":{"line":24,"column":14}},"25":{"start":{"line":26,"column":0},"end":{"line":26,"column":3}},"27":{"start":{"line":28,"column":0},"end":{"line":28,"column":23}}},"s":{"0":1,"1":1,"2":1,"4":4,"7":4,"8":4,"11":4,"12":16,"13":16,"16":4,"17":4,"18":4,"20":4,"21":4,"22":4,"23":4,"25":4,"27":1},"branchMap":{"0":{"type":"branch","line":5,"loc":{"start":{"line":5,"column":0},"end":{"line":26,"column":3}},"locations":[{"start":{"line":5,"column":0},"end":{"line":26,"column":3}}]},"1":{"type":"branch","line":12,"loc":{"start":{"line":12,"column":38},"end":{"line":14,"column":5}},"locations":[{"start":{"line":12,"column":38},"end":{"line":14,"column":5}}]},"2":{"type":"branch","line":22,"loc":{"start":{"line":22,"column":45},"end":{"line":22,"column":61}},"locations":[{"start":{"line":22,"column":45},"end":{"line":22,"column":61}}]},"3":{"type":"branch","line":22,"loc":{"start":{"line":22,"column":50},"end":{"line":22,"column":83}},"locations":[{"start":{"line":22,"column":50},"end":{"line":22,"column":83}}]}},"b":{"0":[4],"1":[16],"2":[2],"3":[2]},"fnMap":{"0":{"name":"Rates","decl":{"start":{"line":5,"column":0},"end":{"line":26,"column":3}},"loc":{"start":{"line":5,"column":0},"end":{"line":26,"column":3}},"line":5}},"f":{"0":4}}
,"/Users/Mac/Downloads/TesteurLogiciel_appli_location_immobiliere_React-main/my-react-app/src/component/tags.jsx": {"path":"/Users/Mac/Downloads/TesteurLogiciel_appli_location_immobiliere_React-main/my-react-app/src/component/tags.jsx","all":false,"statementMap":{"0":{"start":{"line":1,"column":0},"end":{"line":1,"column":29}},"1":{"start":{"line":2,"column":0},"end":{"line":2,"column":25}},"3":{"start":{"line":4,"column":0},"end":{"line":4,"column":16}},"4":{"start":{"line":5,"column":0},"end":{"line":5,"column":75}},"5":{"start":{"line":6,"column":0},"end":{"line":6,"column":38}},"6":{"start":{"line":7,"column":0},"end":{"line":7,"column":40}},"7":{"start":{"line":8,"column":0},"end":{"line":8,"column":15}},"8":{"start":{"line":9,"column":0},"end":{"line":9,"column":13}},"9":{"start":{"line":10,"column":0},"end":{"line":10,"column":9}},"10":{"start":{"line":11,"column":0},"end":{"line":11,"column":9}},"13":{"start":{"line":14,"column":0},"end":{"line":14,"column":5}},"16":{"start":{"line":17,"column":0},"end":{"line":17,"column":22}}},"s":{"0":1,"1":3,"3":3,"4":3,"5":3,"6":5,"7":5,"8":5,"9":3,"10":3,"13":3,"16":1},"branchMap":{"0":{"type":"branch","line":2,"loc":{"start":{"line":2,"column":0},"end":{"line":14,"column":5}},"locations":[{"start":{"line":2,"column":0},"end":{"line":14,"column":5}}]},"1":{"type":"branch","line":5,"loc":{"start":{"line":5,"column":42},"end":{"line":5,"column":56}},"locations":[{"start":{"line":5,"column":42},"end":{"line":5,"column":56}}]},"2":{"type":"branch","line":5,"loc":{"start":{"line":5,"column":47},"end":{"line":5,"column":75}},"locations":[{"start":{"line":5,"column":47},"end":{"line":5,"column":75}}]},"3":{"type":"branch","line":6,"loc":{"start":{"line":6,"column":21},"end":{"line":9,"column":13}},"locations":[{"start":{"line":6,"column":21},"end":{"line":9,"column":13}}]}},"b":{"0":[3],"1":[2],"2":[1],"3":[5]},"fnMap":{"0":{"name":"Tags","decl":{"start":{"line":2,"column":0},"end":{"line":14,"column":5}},"loc":{"start":{"line":2,"column":0},"end":{"line":14,"column":5}},"line":2}},"f":{"0":3}}
,"/Users/Mac/Downloads/TesteurLogiciel_appli_location_immobiliere_React-main/my-react-app/src/component/title.jsx": {"path":"/Users/Mac/Downloads/TesteurLogiciel_appli_location_immobiliere_React-main/my-react-app/src/component/title.jsx","all":false,"statementMap":{"0":{"start":{"line":1,"column":0},"end":{"line":1,"column":40}},"1":{"start":{"line":2,"column":0},"end":{"line":2,"column":26}},"2":{"start":{"line":3,"column":0},"end":{"line":3,"column":26}},"3":{"start":{"line":4,"column":0},"end":{"line":4,"column":29}},"6":{"start":{"line":7,"column":0},"end":{"line":7,"column":26}},"7":{"start":{"line":8,"column":0},"end":{"line":8,"column":41}},"10":{"start":{"line":11,"column":0},"end":{"line":11,"column":12}},"12":{"start":{"line":13,"column":0},"end":{"line":13,"column":40}},"14":{"start":{"line":15,"column":0},"end":{"line":15,"column":119}},"15":{"start":{"line":16,"column":0},"end":{"line":16,"column":85}},"16":{"start":{"line":17,"column":0},"end":{"line":17,"column":63}},"18":{"start":{"line":19,"column":0},"end":{"line":19,"column":16}},"22":{"start":{"line":23,"column":0},"end":{"line":23,"column":3}},"24":{"start":{"line":25,"column":0},"end":{"line":25,"column":23}}},"s":{"0":1,"1":1,"2":1,"3":1,"6":4,"7":4,"10":4,"12":4,"14":4,"15":4,"16":4,"18":4,"22":4,"24":1},"branchMap":{"0":{"type":"branch","line":7,"loc":{"start":{"line":7,"column":0},"end":{"line":23,"column":3}},"locations":[{"start":{"line":7,"column":0},"end":{"line":23,"column":3}}]}},"b":{"0":[4]},"fnMap":{"0":{"name":"Title","decl":{"start":{"line":7,"column":0},"end":{"line":23,"column":3}},"loc":{"start":{"line":7,"column":0},"end":{"line":23,"column":3}},"line":7}},"f":{"0":4}}
,"/Users/Mac/Downloads/TesteurLogiciel_appli_location_immobiliere_React-main/my-react-app/src/config/api.jsx": {"path":"/Users/Mac/Downloads/TesteurLogiciel_appli_location_immobiliere_React-main/my-react-app/src/config/api.jsx","all":false,"statementMap":{"0":{"start":{"line":1,"column":0},"end":{"line":1,"column":49}},"2":{"start":{"line":3,"column":0},"end":{"line":3,"column":30}},"3":{"start":{"line":4,"column":0},"end":{"line":4,"column":43}},"4":{"start":{"line":5,"column":0},"end":{"line":5,"column":2}},"6":{"start":{"line":7,"column":0},"end":{"line":7,"column":29}}},"s":{"0":1,"2":1,"3":1,"4":1,"6":1},"branchMap":{},"b":{},"fnMap":{},"f":{}}
,"/Users/Mac/Downloads/TesteurLogiciel_appli_location_immobiliere_React-main/my-react-app/src/page/about.jsx": {"path":"/Users/Mac/Downloads/TesteurLogiciel_appli_location_immobiliere_React-main/my-react-app/src/page/about.jsx","all":true,"statementMap":{"0":{"start":{"line":1,"column":0},"end":{"line":1,"column":33}},"1":{"start":{"line":2,"column":0},"end":{"line":2,"column":39}},"2":{"start":{"line":3,"column":0},"end":{"line":3,"column":41}},"3":{"start":{"line":4,"column":0},"end":{"line":4,"column":45}},"4":{"start":{"line":5,"column":0},"end":{"line":5,"column":57}},"5":{"start":{"line":6,"column":0},"end":{"line":6,"column":19}},"6":{"start":{"line":7,"column":0},"end":{"line":7,"column":3}},"7":{"start":{"line":8,"column":0},"end":{"line":8,"column":12}},"8":{"start":{"line":9,"column":0},"end":{"line":9,"column":23}},"9":{"start":{"line":10,"column":0},"end":{"line":10,"column":16}},"10":{"start":{"line":11,"column":0},"end":{"line":11,"column":189}},"11":{"start":{"line":12,"column":0},"end":{"line":12,"column":4}},"12":{"start":{"line":13,"column":0},"end":{"line":13,"column":3}},"13":{"start":{"line":14,"column":0},"end":{"line":14,"column":12}},"14":{"start":{"line":15,"column":0},"end":{"line":15,"column":21}},"15":{"start":{"line":16,"column":0},"end":{"line":16,"column":16}},"16":{"start":{"line":17,"column":0},"end":{"line":17,"column":182}},"17":{"start":{"line":18,"column":0},"end":{"line":18,"column":4}},"18":{"start":{"line":19,"column":0},"end":{"line":19,"column":3}},"19":{"start":{"line":20,"column":0},"end":{"line":20,"column":12}},"20":{"start":{"line":21,"column":0},"end":{"line":21,"column":21}},"21":{"start":{"line":22,"column":0},"end":{"line":22,"column":16}},"22":{"start":{"line":23,"column":0},"end":{"line":23,"column":209}},"23":{"start":{"line":24,"column":0},"end":{"line":24,"column":4}},"24":{"start":{"line":25,"column":0},"end":{"line":25,"column":3}},"25":{"start":{"line":26,"column":0},"end":{"line":26,"column":12}},"26":{"start":{"line":27,"column":0},"end":{"line":27,"column":22}},"27":{"start":{"line":28,"column":0},"end":{"line":28,"column":16}},"28":{"start":{"line":29,"column":0},"end":{"line":29,"column":391}},"29":{"start":{"line":30,"column":0},"end":{"line":30,"column":2}},"30":{"start":{"line":31,"column":0},"end":{"line":31,"column":33}},"31":{"start":{"line":32,"column":0},"end":{"line":32,"column":10}},"33":{"start":{"line":34,"column":0},"end":{"line":34,"column":10}},"34":{"start":{"line":35,"column":0},"end":{"line":35,"column":49}},"37":{"start":{"line":38,"column":0},"end":{"line":38,"column":34}},"39":{"start":{"line":40,"column":0},"end":{"line":40,"column":38}},"41":{"start":{"line":42,"column":0},"end":{"line":42,"column":74}},"44":{"start":{"line":45,"column":0},"end":{"line":45,"column":11}},"45":{"start":{"line":46,"column":0},"end":{"line":46,"column":12}},"46":{"start":{"line":47,"column":0},"end":{"line":47,"column":11}},"53":{"start":{"line":54,"column":0},"end":{"line":54,"column":1}}},"s":{"0":0,"1":0,"2":0,"3":0,"4":0,"5":0,"6":0,"7":0,"8":0,"9":0,"10":0,"11":0,"12":0,"13":0,"14":0,"15":0,"16":0,"17":0,"18":0,"19":0,"20":0,"21":0,"22":0,"23":0,"24":0,"25":0,"26":0,"27":0,"28":0,"29":0,"30":0,"31":0,"33":0,"34":0,"37":0,"39":0,"41":0,"44":0,"45":0,"46":0,"53":0},"branchMap":{"0":{"type":"branch","line":1,"loc":{"start":{"line":1,"column":1835},"end":{"line":54,"column":1}},"locations":[{"start":{"line":1,"column":1835},"end":{"line":54,"column":1}}]}},"b":{"0":[0]},"fnMap":{"0":{"name":"(empty-report)","decl":{"start":{"line":1,"column":1835},"end":{"line":54,"column":1}},"loc":{"start":{"line":1,"column":1835},"end":{"line":54,"column":1}},"line":1}},"f":{"0":0}}
,"/Users/Mac/Downloads/TesteurLogiciel_appli_location_immobiliere_React-main/my-react-app/src/page/accueil.jsx": {"path":"/Users/Mac/Downloads/TesteurLogiciel_appli_location_immobiliere_React-main/my-react-app/src/page/accueil.jsx","all":true,"statementMap":{"0":{"start":{"line":1,"column":0},"end":{"line":1,"column":40}},"1":{"start":{"line":2,"column":0},"end":{"line":2,"column":45}},"2":{"start":{"line":3,"column":0},"end":{"line":3,"column":47}},"3":{"start":{"line":4,"column":0},"end":{"line":4,"column":41}},"6":{"start":{"line":7,"column":0},"end":{"line":7,"column":20}},"7":{"start":{"line":8,"column":0},"end":{"line":8,"column":10}},"8":{"start":{"line":9,"column":0},"end":{"line":9,"column":6}},"9":{"start":{"line":10,"column":0},"end":{"line":10,"column":13}},"10":{"start":{"line":11,"column":0},"end":{"line":11,"column":33}},"11":{"start":{"line":12,"column":0},"end":{"line":12,"column":52}},"12":{"start":{"line":13,"column":0},"end":{"line":13,"column":8}},"14":{"start":{"line":15,"column":0},"end":{"line":15,"column":38}},"15":{"start":{"line":16,"column":0},"end":{"line":16,"column":14}},"16":{"start":{"line":17,"column":0},"end":{"line":17,"column":10}},"18":{"start":{"line":19,"column":0},"end":{"line":19,"column":7}},"20":{"start":{"line":21,"column":0},"end":{"line":21,"column":2}},"22":{"start":{"line":23,"column":0},"end":{"line":23,"column":20}}},"s":{"0":0,"1":0,"2":0,"3":0,"6":0,"7":0,"8":0,"9":0,"10":0,"11":0,"12":0,"14":0,"15":0,"16":0,"18":0,"20":0,"22":0},"branchMap":{"0":{"type":"branch","line":1,"loc":{"start":{"line":1,"column":441},"end":{"line":23,"column":20}},"locations":[{"start":{"line":1,"column":441},"end":{"line":23,"column":20}}]}},"b":{"0":[0]},"fnMap":{"0":{"name":"(empty-report)","decl":{"start":{"line":1,"column":441},"end":{"line":23,"column":20}},"loc":{"start":{"line":1,"column":441},"end":{"line":23,"column":20}},"line":1}},"f":{"0":0}}
,"/Users/Mac/Downloads/TesteurLogiciel_appli_location_immobiliere_React-main/my-react-app/src/page/erreur404.jsx": {"path":"/Users/Mac/Downloads/TesteurLogiciel_appli_location_immobiliere_React-main/my-react-app/src/page/erreur404.jsx","all":false,"statementMap":{"0":{"start":{"line":1,"column":0},"end":{"line":1,"column":25}},"1":{"start":{"line":2,"column":0},"end":{"line":2,"column":40}},"5":{"start":{"line":6,"column":0},"end":{"line":6,"column":18}},"7":{"start":{"line":8,"column":0},"end":{"line":8,"column":11}},"9":{"start":{"line":10,"column":0},"end":{"line":10,"column":29}},"10":{"start":{"line":11,"column":0},"end":{"line":11,"column":40}},"11":{"start":{"line":12,"column":0},"end":{"line":12,"column":43}},"13":{"start":{"line":14,"column":0},"end":{"line":14,"column":15}},"14":{"start":{"line":15,"column":0},"end":{"line":15,"column":44}},"16":{"start":{"line":17,"column":0},"end":{"line":17,"column":13}},"17":{"start":{"line":18,"column":0},"end":{"line":18,"column":13}},"24":{"start":{"line":25,"column":0},"end":{"line":25,"column":1}},"26":{"start":{"line":27,"column":0},"end":{"line":27,"column":20}}},"s":{"0":1,"1":1,"5":1,"7":1,"9":1,"10":1,"11":1,"13":1,"14":1,"16":1,"17":1,"24":1,"26":1},"branchMap":{"0":{"type":"branch","line":6,"loc":{"start":{"line":6,"column":0},"end":{"line":25,"column":1}},"locations":[{"start":{"line":6,"column":0},"end":{"line":25,"column":1}}]}},"b":{"0":[1]},"fnMap":{"0":{"name":"Error","decl":{"start":{"line":6,"column":0},"end":{"line":25,"column":1}},"loc":{"start":{"line":6,"column":0},"end":{"line":25,"column":1}},"line":6}},"f":{"0":1}}
,"/Users/Mac/Downloads/TesteurLogiciel_appli_location_immobiliere_React-main/my-react-app/src/page/information.jsx": {"path":"/Users/Mac/Downloads/TesteurLogiciel_appli_location_immobiliere_React-main/my-react-app/src/page/information.jsx","all":false,"statementMap":{"0":{"start":{"line":1,"column":0},"end":{"line":1,"column":58}},"1":{"start":{"line":2,"column":0},"end":{"line":2,"column":44}},"3":{"start":{"line":4,"column":0},"end":{"line":4,"column":47}},"4":{"start":{"line":5,"column":0},"end":{"line":5,"column":39}},"5":{"start":{"line":6,"column":0},"end":{"line":6,"column":37}},"6":{"start":{"line":7,"column":0},"end":{"line":7,"column":40}},"7":{"start":{"line":8,"column":0},"end":{"line":8,"column":37}},"8":{"start":{"line":9,"column":0},"end":{"line":9,"column":45}},"9":{"start":{"line":10,"column":0},"end":{"line":10,"column":42}},"11":{"start":{"line":12,"column":0},"end":{"line":12,"column":31}},"13":{"start":{"line":14,"column":0},"end":{"line":14,"column":25}},"14":{"start":{"line":15,"column":0},"end":{"line":15,"column":33}},"15":{"start":{"line":16,"column":0},"end":{"line":16,"column":37}},"17":{"start":{"line":18,"column":0},"end":{"line":18,"column":41}},"18":{"start":{"line":19,"column":0},"end":{"line":19,"column":47}},"20":{"start":{"line":21,"column":0},"end":{"line":21,"column":19}},"21":{"start":{"line":22,"column":0},"end":{"line":22,"column":30}},"22":{"start":{"line":23,"column":0},"end":{"line":23,"column":23}},"24":{"start":{"line":25,"column":0},"end":{"line":25,"column":52}},"25":{"start":{"line":26,"column":0},"end":{"line":26,"column":29}},"27":{"start":{"line":28,"column":0},"end":{"line":28,"column":29}},"29":{"start":{"line":30,"column":0},"end":{"line":30,"column":64}},"30":{"start":{"line":31,"column":0},"end":{"line":31,"column":11}},"31":{"start":{"line":32,"column":0},"end":{"line":32,"column":64}},"32":{"start":{"line":33,"column":0},"end":{"line":33,"column":10}},"33":{"start":{"line":34,"column":0},"end":{"line":34,"column":28}},"35":{"start":{"line":36,"column":0},"end":{"line":36,"column":33}},"36":{"start":{"line":37,"column":0},"end":{"line":37,"column":23}},"37":{"start":{"line":38,"column":0},"end":{"line":38,"column":52}},"38":{"start":{"line":39,"column":0},"end":{"line":39,"column":12}},"39":{"start":{"line":40,"column":0},"end":{"line":40,"column":59}},"40":{"start":{"line":41,"column":0},"end":{"line":41,"column":10}},"41":{"start":{"line":42,"column":0},"end":{"line":42,"column":25}},"42":{"start":{"line":43,"column":0},"end":{"line":43,"column":60}},"44":{"start":{"line":45,"column":0},"end":{"line":45,"column":56}},"45":{"start":{"line":46,"column":0},"end":{"line":46,"column":10}},"46":{"start":{"line":47,"column":0},"end":{"line":47,"column":24}},"47":{"start":{"line":48,"column":0},"end":{"line":48,"column":28}},"48":{"start":{"line":49,"column":0},"end":{"line":49,"column":11}},"49":{"start":{"line":50,"column":0},"end":{"line":50,"column":5}},"51":{"start":{"line":52,"column":0},"end":{"line":52,"column":14}},"52":{"start":{"line":53,"column":0},"end":{"line":53,"column":25}},"54":{"start":{"line":55,"column":0},"end":{"line":55,"column":26}},"55":{"start":{"line":56,"column":0},"end":{"line":56,"column":45}},"56":{"start":{"line":57,"column":0},"end":{"line":57,"column":3}},"58":{"start":{"line":59,"column":0},"end":{"line":59,"column":10}},"59":{"start":{"line":60,"column":0},"end":{"line":60,"column":33}},"60":{"start":{"line":61,"column":0},"end":{"line":61,"column":31}},"63":{"start":{"line":64,"column":0},"end":{"line":64,"column":31}},"64":{"start":{"line":65,"column":0},"end":{"line":65,"column":29}},"65":{"start":{"line":66,"column":0},"end":{"line":66,"column":46}},"67":{"start":{"line":68,"column":0},"end":{"line":68,"column":30}},"70":{"start":{"line":71,"column":0},"end":{"line":71,"column":14}},"71":{"start":{"line":72,"column":0},"end":{"line":72,"column":12}},"73":{"start":{"line":74,"column":0},"end":{"line":74,"column":42}},"74":{"start":{"line":75,"column":0},"end":{"line":75,"column":31}},"75":{"start":{"line":76,"column":0},"end":{"line":76,"column":83}},"76":{"start":{"line":77,"column":0},"end":{"line":77,"column":14}},"77":{"start":{"line":78,"column":0},"end":{"line":78,"column":32}},"78":{"start":{"line":79,"column":0},"end":{"line":79,"column":81}},"79":{"start":{"line":80,"column":0},"end":{"line":80,"column":14}},"80":{"start":{"line":81,"column":0},"end":{"line":81,"column":12}},"81":{"start":{"line":82,"column":0},"end":{"line":82,"column":10}},"83":{"start":{"line":84,"column":0},"end":{"line":84,"column":1}},"85":{"start":{"line":86,"column":0},"end":{"line":86,"column":28}}},"s":{"0":1,"1":1,"3":1,"4":1,"5":1,"6":1,"7":1,"8":1,"9":1,"11":1,"13":7,"14":7,"15":7,"17":7,"18":7,"20":7,"21":4,"22":4,"24":4,"25":4,"27":2,"29":1,"30":1,"31":1,"32":4,"33":4,"35":1,"36":1,"37":1,"38":1,"39":1,"40":4,"41":4,"42":2,"44":2,"45":4,"46":4,"47":3,"48":4,"49":4,"51":4,"52":7,"54":7,"55":6,"56":6,"58":1,"59":1,"60":1,"63":1,"64":1,"65":1,"67":1,"70":1,"71":1,"73":1,"74":1,"75":1,"76":1,"77":1,"78":1,"79":1,"80":1,"81":1,"83":1,"85":1},"branchMap":{"0":{"type":"branch","line":14,"loc":{"start":{"line":14,"column":0},"end":{"line":84,"column":1}},"locations":[{"start":{"line":14,"column":0},"end":{"line":84,"column":1}}]},"1":{"type":"branch","line":55,"loc":{"start":{"line":55,"column":6},"end":{"line":55,"column":25}},"locations":[{"start":{"line":55,"column":6},"end":{"line":55,"column":25}}]},"2":{"type":"branch","line":55,"loc":{"start":{"line":55,"column":25},"end":{"line":57,"column":3}},"locations":[{"start":{"line":55,"column":25},"end":{"line":57,"column":3}}]},"3":{"type":"branch","line":57,"loc":{"start":{"line":57,"column":2},"end":{"line":84,"column":1}},"locations":[{"start":{"line":57,"column":2},"end":{"line":84,"column":1}}]},"4":{"type":"branch","line":21,"loc":{"start":{"line":21,"column":12},"end":{"line":53,"column":5}},"locations":[{"start":{"line":21,"column":12},"end":{"line":53,"column":5}}]},"5":{"type":"branch","line":22,"loc":{"start":{"line":22,"column":4},"end":{"line":50,"column":5}},"locations":[{"start":{"line":22,"column":4},"end":{"line":50,"column":5}}]},"6":{"type":"branch","line":26,"loc":{"start":{"line":26,"column":14},"end":{"line":33,"column":9}},"locations":[{"start":{"line":26,"column":14},"end":{"line":33,"column":9}}]},"7":{"type":"branch","line":28,"loc":{"start":{"line":28,"column":28},"end":{"line":32,"column":64}},"locations":[{"start":{"line":28,"column":28},"end":{"line":32,"column":64}}]},"8":{"type":"branch","line":34,"loc":{"start":{"line":34,"column":14},"end":{"line":41,"column":9}},"locations":[{"start":{"line":34,"column":14},"end":{"line":41,"column":9}}]},"9":{"type":"branch","line":38,"loc":{"start":{"line":38,"column":40},"end":{"line":38,"column":52}},"locations":[{"start":{"line":38,"column":40},"end":{"line":38,"column":52}}]},"10":{"type":"branch","line":42,"loc":{"start":{"line":42,"column":15},"end":{"line":46,"column":9}},"locations":[{"start":{"line":42,"column":15},"end":{"line":46,"column":9}}]},"11":{"type":"branch","line":47,"loc":{"start":{"line":47,"column":17},"end":{"line":49,"column":9}},"locations":[{"start":{"line":47,"column":17},"end":{"line":49,"column":9}}]}},"b":{"0":[7],"1":[3],"2":[6],"3":[1],"4":[4],"5":[4],"6":[2],"7":[1],"8":[1],"9":[0],"10":[2],"11":[3]},"fnMap":{"0":{"name":"Accomodation","decl":{"start":{"line":14,"column":0},"end":{"line":84,"column":1}},"loc":{"start":{"line":14,"column":0},"end":{"line":84,"column":1}},"line":14},"1":{"name":"getData","decl":{"start":{"line":22,"column":4},"end":{"line":50,"column":5}},"loc":{"start":{"line":22,"column":4},"end":{"line":50,"column":5}},"line":22}},"f":{"0":7,"1":4}}
}
